{"/Users/keshavagarwal/Desktop/rewards-catalog-ui/app/components/atoms/CustomFieldsScopeFilterOption/CustomFieldsScopeFilterOption.js": {"path":"/Users/keshavagarwal/Desktop/rewards-catalog-ui/app/components/atoms/CustomFieldsScopeFilterOption/CustomFieldsScopeFilterOption.js","statementMap":{"0":{"start":{"line":13,"column":45},"end":{"line":32,"column":1}},"1":{"start":{"line":18,"column":2},"end":{"line":31,"column":15}},"2":{"start":{"line":34,"column":0},"end":{"line":38,"column":2}},"3":{"start":{"line":40,"column":0},"end":{"line":43,"column":2}}},"fnMap":{"0":{"name":"(anonymous_0)","decl":{"start":{"line":13,"column":45},"end":{"line":13,"column":46}},"loc":{"start":{"line":18,"column":2},"end":{"line":31,"column":15}},"line":18}},"branchMap":{"0":{"loc":{"start":{"line":18,"column":21},"end":{"line":18,"column":91}},"type":"binary-expr","locations":[{"start":{"line":18,"column":21},"end":{"line":18,"column":47}},{"start":{"line":18,"column":51},"end":{"line":18,"column":91}}],"line":18}},"s":{"0":3,"1":6,"2":3,"3":3},"f":{"0":6},"b":{"0":[6,2]},"_coverageSchema":"1a1c01bbd47fc00a2c39e90264f33305004495a9","hash":"cdec8cf5aa5a1a04aa31e6177e78dcb5c0a6d225"}
,"/Users/keshavagarwal/Desktop/rewards-catalog-ui/app/components/atoms/ErrorBoundaryFallback/ErrorBoundaryFallback.js": {"path":"/Users/keshavagarwal/Desktop/rewards-catalog-ui/app/components/atoms/ErrorBoundaryFallback/ErrorBoundaryFallback.js","statementMap":{"0":{"start":{"line":14,"column":2},"end":{"line":21,"column":4}},"1":{"start":{"line":24,"column":0},"end":{"line":27,"column":2}},"2":{"start":{"line":29,"column":0},"end":{"line":31,"column":2}}},"fnMap":{"0":{"name":"ErrorBoundaryFallback","decl":{"start":{"line":13,"column":9},"end":{"line":13,"column":30}},"loc":{"start":{"line":13,"column":71},"end":{"line":22,"column":1}},"line":13}},"branchMap":{},"s":{"0":0,"1":1,"2":1},"f":{"0":0},"b":{},"_coverageSchema":"1a1c01bbd47fc00a2c39e90264f33305004495a9","hash":"f218fbb733d2692c9eb50361953279fe565a8d9d"}
,"/Users/keshavagarwal/Desktop/rewards-catalog-ui/app/components/atoms/ErrorBoundaryFallback/styles.js": {"path":"/Users/keshavagarwal/Desktop/rewards-catalog-ui/app/components/atoms/ErrorBoundaryFallback/styles.js","statementMap":{},"fnMap":{},"branchMap":{},"s":{},"f":{},"b":{},"_coverageSchema":"1a1c01bbd47fc00a2c39e90264f33305004495a9","hash":"03017bff720342f3f4564feae68e29fff1c78c4c"}
,"/Users/keshavagarwal/Desktop/rewards-catalog-ui/app/components/atoms/LastUpdatedOnFilter/LastUpdatedOnFilter.js": {"path":"/Users/keshavagarwal/Desktop/rewards-catalog-ui/app/components/atoms/LastUpdatedOnFilter/LastUpdatedOnFilter.js","statementMap":{"0":{"start":{"line":12,"column":35},"end":{"line":31,"column":1}},"1":{"start":{"line":13,"column":2},"end":{"line":30,"column":11}},"2":{"start":{"line":33,"column":0},"end":{"line":37,"column":2}},"3":{"start":{"line":39,"column":0},"end":{"line":43,"column":2}}},"fnMap":{"0":{"name":"(anonymous_0)","decl":{"start":{"line":12,"column":35},"end":{"line":12,"column":36}},"loc":{"start":{"line":13,"column":2},"end":{"line":30,"column":11}},"line":13},"1":{"name":"(anonymous_1)","decl":{"start":{"line":42,"column":23},"end":{"line":42,"column":24}},"loc":{"start":{"line":42,"column":29},"end":{"line":42,"column":31}},"line":42}},"branchMap":{},"s":{"0":3,"1":35,"2":3,"3":3},"f":{"0":35,"1":0},"b":{},"_coverageSchema":"1a1c01bbd47fc00a2c39e90264f33305004495a9","hash":"fe45b3e34a2919fb1c773a41d87d13304a155ef5"}
,"/Users/keshavagarwal/Desktop/rewards-catalog-ui/app/components/atoms/LastUpdatedOnFilter/styles.js": {"path":"/Users/keshavagarwal/Desktop/rewards-catalog-ui/app/components/atoms/LastUpdatedOnFilter/styles.js","statementMap":{},"fnMap":{},"branchMap":{},"s":{},"f":{},"b":{},"_coverageSchema":"1a1c01bbd47fc00a2c39e90264f33305004495a9","hash":"eb8d26e65cb6077bcd2b45d44147e19bf037dc0f"}
,"/Users/keshavagarwal/Desktop/rewards-catalog-ui/app/components/atoms/RenderRoute/RenderRoute.js": {"path":"/Users/keshavagarwal/Desktop/rewards-catalog-ui/app/components/atoms/RenderRoute/RenderRoute.js","statementMap":{"0":{"start":{"line":5,"column":27},"end":{"line":28,"column":1}},"1":{"start":{"line":6,"column":2},"end":{"line":27,"column":4}},"2":{"start":{"line":9,"column":6},"end":{"line":25,"column":18}},"3":{"start":{"line":13,"column":14},"end":{"line":22,"column":16}},"4":{"start":{"line":18,"column":18},"end":{"line":20,"column":39}},"5":{"start":{"line":30,"column":0},"end":{"line":33,"column":2}},"6":{"start":{"line":35,"column":0},"end":{"line":37,"column":2}}},"fnMap":{"0":{"name":"(anonymous_0)","decl":{"start":{"line":5,"column":27},"end":{"line":5,"column":28}},"loc":{"start":{"line":6,"column":2},"end":{"line":27,"column":4}},"line":6},"1":{"name":"(anonymous_1)","decl":{"start":{"line":8,"column":12},"end":{"line":8,"column":13}},"loc":{"start":{"line":9,"column":6},"end":{"line":25,"column":18}},"line":9},"2":{"name":"(anonymous_2)","decl":{"start":{"line":12,"column":23},"end":{"line":12,"column":24}},"loc":{"start":{"line":13,"column":14},"end":{"line":22,"column":16}},"line":13},"3":{"name":"(anonymous_3)","decl":{"start":{"line":17,"column":24},"end":{"line":17,"column":25}},"loc":{"start":{"line":18,"column":18},"end":{"line":20,"column":39}},"line":18}},"branchMap":{"0":{"loc":{"start":{"line":11,"column":11},"end":{"line":23,"column":14}},"type":"binary-expr","locations":[{"start":{"line":11,"column":11},"end":{"line":11,"column":17}},{"start":{"line":12,"column":12},"end":{"line":23,"column":14}}],"line":11},"1":{"loc":{"start":{"line":19,"column":21},"end":{"line":19,"column":94}},"type":"binary-expr","locations":[{"start":{"line":19,"column":21},"end":{"line":19,"column":36}},{"start":{"line":19,"column":40},"end":{"line":19,"column":94}}],"line":19}},"s":{"0":2,"1":7,"2":7,"3":0,"4":0,"5":2,"6":2},"f":{"0":7,"1":7,"2":0,"3":0},"b":{"0":[7,7],"1":[0,0]},"_coverageSchema":"1a1c01bbd47fc00a2c39e90264f33305004495a9","hash":"ba0485837045b0c32237133b253ce581dccb6827"}
,"/Users/keshavagarwal/Desktop/rewards-catalog-ui/app/components/atoms/SettingsColumnRowAttribute/SettingsColumnRowAttribute.js": {"path":"/Users/keshavagarwal/Desktop/rewards-catalog-ui/app/components/atoms/SettingsColumnRowAttribute/SettingsColumnRowAttribute.js","statementMap":{"0":{"start":{"line":8,"column":25},"end":{"line":8,"column":47}},"1":{"start":{"line":10,"column":42},"end":{"line":20,"column":1}},"2":{"start":{"line":11,"column":2},"end":{"line":19,"column":11}},"3":{"start":{"line":22,"column":0},"end":{"line":26,"column":2}},"4":{"start":{"line":28,"column":0},"end":{"line":32,"column":2}}},"fnMap":{"0":{"name":"(anonymous_0)","decl":{"start":{"line":10,"column":42},"end":{"line":10,"column":43}},"loc":{"start":{"line":11,"column":2},"end":{"line":19,"column":11}},"line":11}},"branchMap":{"0":{"loc":{"start":{"line":18,"column":5},"end":{"line":18,"column":81}},"type":"binary-expr","locations":[{"start":{"line":18,"column":5},"end":{"line":18,"column":16}},{"start":{"line":18,"column":20},"end":{"line":18,"column":81}}],"line":18}},"s":{"0":3,"1":3,"2":45,"3":3,"4":3},"f":{"0":45},"b":{"0":[45,9]},"_coverageSchema":"1a1c01bbd47fc00a2c39e90264f33305004495a9","hash":"6d7d84f2858b10769d21934e7d0c62477197a444"}
,"/Users/keshavagarwal/Desktop/rewards-catalog-ui/app/components/atoms/SettingsViewLabelValue/SettingsViewLabelValue.js": {"path":"/Users/keshavagarwal/Desktop/rewards-catalog-ui/app/components/atoms/SettingsViewLabelValue/SettingsViewLabelValue.js","statementMap":{"0":{"start":{"line":7,"column":38},"end":{"line":16,"column":1}},"1":{"start":{"line":8,"column":2},"end":{"line":15,"column":11}},"2":{"start":{"line":18,"column":0},"end":{"line":21,"column":2}},"3":{"start":{"line":23,"column":0},"end":{"line":26,"column":2}}},"fnMap":{"0":{"name":"(anonymous_0)","decl":{"start":{"line":7,"column":38},"end":{"line":7,"column":39}},"loc":{"start":{"line":8,"column":2},"end":{"line":15,"column":11}},"line":8}},"branchMap":{},"s":{"0":2,"1":25,"2":2,"3":2},"f":{"0":25},"b":{},"_coverageSchema":"1a1c01bbd47fc00a2c39e90264f33305004495a9","hash":"ecce05277319b15f49523900d9e96e5c593b6fe0"}
,"/Users/keshavagarwal/Desktop/rewards-catalog-ui/app/components/molecules/EmptyStateIllustration/EmptyStateIllustration.js": {"path":"/Users/keshavagarwal/Desktop/rewards-catalog-ui/app/components/molecules/EmptyStateIllustration/EmptyStateIllustration.js","statementMap":{"0":{"start":{"line":19,"column":31},"end":{"line":33,"column":1}},"1":{"start":{"line":20,"column":31},"end":{"line":26,"column":4}},"2":{"start":{"line":20,"column":47},"end":{"line":26,"column":3}},"3":{"start":{"line":28,"column":2},"end":{"line":32,"column":4}},"4":{"start":{"line":35,"column":0},"end":{"line":38,"column":2}},"5":{"start":{"line":40,"column":0},"end":{"line":42,"column":2}}},"fnMap":{"0":{"name":"(anonymous_0)","decl":{"start":{"line":19,"column":31},"end":{"line":19,"column":32}},"loc":{"start":{"line":19,"column":75},"end":{"line":33,"column":1}},"line":19},"1":{"name":"(anonymous_1)","decl":{"start":{"line":20,"column":31},"end":{"line":20,"column":32}},"loc":{"start":{"line":20,"column":47},"end":{"line":26,"column":3}},"line":20}},"branchMap":{},"s":{"0":0,"1":0,"2":0,"3":0,"4":0,"5":0},"f":{"0":0,"1":0},"b":{}}
,"/Users/keshavagarwal/Desktop/rewards-catalog-ui/app/components/molecules/SettingsConfirmationModal/SettingsConfirmationModal.js": {"path":"/Users/keshavagarwal/Desktop/rewards-catalog-ui/app/components/molecules/SettingsConfirmationModal/SettingsConfirmationModal.js","statementMap":{"0":{"start":{"line":14,"column":41},"end":{"line":52,"column":1}},"1":{"start":{"line":26,"column":2},"end":{"line":51,"column":4}},"2":{"start":{"line":54,"column":0},"end":{"line":65,"column":2}},"3":{"start":{"line":67,"column":0},"end":{"line":78,"column":2}}},"fnMap":{"0":{"name":"(anonymous_0)","decl":{"start":{"line":14,"column":41},"end":{"line":14,"column":42}},"loc":{"start":{"line":26,"column":2},"end":{"line":51,"column":4}},"line":26},"1":{"name":"(anonymous_1)","decl":{"start":{"line":70,"column":22},"end":{"line":70,"column":23}},"loc":{"start":{"line":70,"column":28},"end":{"line":70,"column":30}},"line":70},"2":{"name":"(anonymous_2)","decl":{"start":{"line":71,"column":22},"end":{"line":71,"column":23}},"loc":{"start":{"line":71,"column":28},"end":{"line":71,"column":30}},"line":71}},"branchMap":{"0":{"loc":{"start":{"line":36,"column":9},"end":{"line":40,"column":9}},"type":"binary-expr","locations":[{"start":{"line":36,"column":9},"end":{"line":36,"column":23}},{"start":{"line":37,"column":10},"end":{"line":39,"column":21}}],"line":36}},"s":{"0":6,"1":16,"2":6,"3":6},"f":{"0":16,"1":0,"2":0},"b":{"0":[16,5]},"_coverageSchema":"1a1c01bbd47fc00a2c39e90264f33305004495a9","hash":"261163b5c2ce9647d03d81dcb36c64fca4724583"}
,"/Users/keshavagarwal/Desktop/rewards-catalog-ui/app/components/molecules/SettingsConfirmationModal/styles.js": {"path":"/Users/keshavagarwal/Desktop/rewards-catalog-ui/app/components/molecules/SettingsConfirmationModal/styles.js","statementMap":{},"fnMap":{},"branchMap":{},"s":{},"f":{},"b":{},"_coverageSchema":"1a1c01bbd47fc00a2c39e90264f33305004495a9","hash":"a9de8762dfc5e232b6d08a83f8010d0e35cce9f8"}
,"/Users/keshavagarwal/Desktop/rewards-catalog-ui/app/components/molecules/SettingsCreateEditPopover/SettingsCreateEditPopover.js": {"path":"/Users/keshavagarwal/Desktop/rewards-catalog-ui/app/components/molecules/SettingsCreateEditPopover/SettingsCreateEditPopover.js","statementMap":{"0":{"start":{"line":13,"column":41},"end":{"line":114,"column":1}},"1":{"start":{"line":33,"column":21},"end":{"line":33,"column":33}},"2":{"start":{"line":35,"column":2},"end":{"line":45,"column":9}},"3":{"start":{"line":36,"column":31},"end":{"line":40,"column":5}},"4":{"start":{"line":37,"column":6},"end":{"line":39,"column":7}},"5":{"start":{"line":38,"column":8},"end":{"line":38,"column":26}},"6":{"start":{"line":41,"column":4},"end":{"line":41,"column":63}},"7":{"start":{"line":42,"column":4},"end":{"line":44,"column":6}},"8":{"start":{"line":43,"column":6},"end":{"line":43,"column":68}},"9":{"start":{"line":47,"column":2},"end":{"line":113,"column":4}},"10":{"start":{"line":116,"column":0},"end":{"line":135,"column":2}},"11":{"start":{"line":137,"column":0},"end":{"line":156,"column":2}}},"fnMap":{"0":{"name":"(anonymous_0)","decl":{"start":{"line":13,"column":41},"end":{"line":13,"column":42}},"loc":{"start":{"line":32,"column":6},"end":{"line":114,"column":1}},"line":32},"1":{"name":"(anonymous_1)","decl":{"start":{"line":35,"column":12},"end":{"line":35,"column":13}},"loc":{"start":{"line":35,"column":18},"end":{"line":45,"column":3}},"line":35},"2":{"name":"(anonymous_2)","decl":{"start":{"line":36,"column":31},"end":{"line":36,"column":32}},"loc":{"start":{"line":36,"column":42},"end":{"line":40,"column":5}},"line":36},"3":{"name":"(anonymous_3)","decl":{"start":{"line":42,"column":11},"end":{"line":42,"column":12}},"loc":{"start":{"line":42,"column":17},"end":{"line":44,"column":5}},"line":42},"4":{"name":"(anonymous_4)","decl":{"start":{"line":142,"column":15},"end":{"line":142,"column":16}},"loc":{"start":{"line":142,"column":21},"end":{"line":142,"column":23}},"line":142},"5":{"name":"(anonymous_5)","decl":{"start":{"line":143,"column":14},"end":{"line":143,"column":15}},"loc":{"start":{"line":143,"column":20},"end":{"line":143,"column":22}},"line":143},"6":{"name":"(anonymous_6)","decl":{"start":{"line":155,"column":19},"end":{"line":155,"column":20}},"loc":{"start":{"line":155,"column":25},"end":{"line":155,"column":27}},"line":155}},"branchMap":{"0":{"loc":{"start":{"line":37,"column":6},"end":{"line":39,"column":7}},"type":"if","locations":[{"start":{"line":37,"column":6},"end":{"line":39,"column":7}},{"start":{},"end":{}}],"line":37},"1":{"loc":{"start":{"line":67,"column":15},"end":{"line":74,"column":15}},"type":"binary-expr","locations":[{"start":{"line":67,"column":15},"end":{"line":67,"column":37}},{"start":{"line":68,"column":16},"end":{"line":73,"column":27}}],"line":67},"2":{"loc":{"start":{"line":78,"column":11},"end":{"line":98,"column":11}},"type":"binary-expr","locations":[{"start":{"line":78,"column":11},"end":{"line":78,"column":27}},{"start":{"line":79,"column":12},"end":{"line":97,"column":21}}],"line":78},"3":{"loc":{"start":{"line":87,"column":17},"end":{"line":94,"column":17}},"type":"binary-expr","locations":[{"start":{"line":87,"column":17},"end":{"line":87,"column":41}},{"start":{"line":88,"column":18},"end":{"line":93,"column":29}}],"line":87}},"s":{"0":2,"1":2,"2":2,"3":2,"4":1,"5":1,"6":2,"7":2,"8":2,"9":2,"10":2,"11":2},"f":{"0":2,"1":2,"2":1,"3":2,"4":0,"5":0,"6":1},"b":{"0":[1,0],"1":[2,2],"2":[2,2],"3":[2,2]},"_coverageSchema":"1a1c01bbd47fc00a2c39e90264f33305004495a9","hash":"cf8259404c0064429a91f09ef57e0b279e9bb82b"}
,"/Users/keshavagarwal/Desktop/rewards-catalog-ui/app/components/molecules/SettingsCreateEditPopover/styles.js": {"path":"/Users/keshavagarwal/Desktop/rewards-catalog-ui/app/components/molecules/SettingsCreateEditPopover/styles.js","statementMap":{},"fnMap":{},"branchMap":{},"s":{},"f":{},"b":{},"_coverageSchema":"1a1c01bbd47fc00a2c39e90264f33305004495a9","hash":"8a1178c8a213672851b121036260e51540ae780a"}
,"/Users/keshavagarwal/Desktop/rewards-catalog-ui/app/components/molecules/SettingsQuickActions/SettingsQuickActions.js": {"path":"/Users/keshavagarwal/Desktop/rewards-catalog-ui/app/components/molecules/SettingsQuickActions/SettingsQuickActions.js","statementMap":{"0":{"start":{"line":14,"column":36},"end":{"line":58,"column":1}},"1":{"start":{"line":22,"column":32},"end":{"line":24,"column":3}},"2":{"start":{"line":23,"column":4},"end":{"line":23,"column":43}},"3":{"start":{"line":26,"column":21},"end":{"line":28,"column":3}},"4":{"start":{"line":27,"column":4},"end":{"line":27,"column":31}},"5":{"start":{"line":30,"column":23},"end":{"line":32,"column":3}},"6":{"start":{"line":31,"column":4},"end":{"line":31,"column":33}},"7":{"start":{"line":34,"column":2},"end":{"line":57,"column":4}},"8":{"start":{"line":60,"column":0},"end":{"line":67,"column":2}},"9":{"start":{"line":69,"column":0},"end":{"line":75,"column":2}}},"fnMap":{"0":{"name":"(anonymous_0)","decl":{"start":{"line":14,"column":36},"end":{"line":14,"column":37}},"loc":{"start":{"line":21,"column":6},"end":{"line":58,"column":1}},"line":21},"1":{"name":"(anonymous_1)","decl":{"start":{"line":22,"column":32},"end":{"line":22,"column":33}},"loc":{"start":{"line":22,"column":39},"end":{"line":24,"column":3}},"line":22},"2":{"name":"(anonymous_2)","decl":{"start":{"line":26,"column":21},"end":{"line":26,"column":22}},"loc":{"start":{"line":26,"column":27},"end":{"line":28,"column":3}},"line":26},"3":{"name":"(anonymous_3)","decl":{"start":{"line":30,"column":23},"end":{"line":30,"column":24}},"loc":{"start":{"line":30,"column":29},"end":{"line":32,"column":3}},"line":30},"4":{"name":"(anonymous_4)","decl":{"start":{"line":72,"column":21},"end":{"line":72,"column":22}},"loc":{"start":{"line":72,"column":27},"end":{"line":72,"column":30}},"line":72},"5":{"name":"(anonymous_5)","decl":{"start":{"line":73,"column":23},"end":{"line":73,"column":24}},"loc":{"start":{"line":73,"column":29},"end":{"line":73,"column":32}},"line":73}},"branchMap":{"0":{"loc":{"start":{"line":23,"column":4},"end":{"line":23,"column":42}},"type":"binary-expr","locations":[{"start":{"line":23,"column":4},"end":{"line":23,"column":19}},{"start":{"line":23,"column":23},"end":{"line":23,"column":42}}],"line":23}},"s":{"0":3,"1":9,"2":0,"3":9,"4":0,"5":9,"6":0,"7":9,"8":3,"9":3},"f":{"0":9,"1":0,"2":0,"3":0,"4":0,"5":0},"b":{"0":[0,0]},"_coverageSchema":"1a1c01bbd47fc00a2c39e90264f33305004495a9","hash":"42e6a069baefc659d795b901bc7c359ef2c6f184"}
,"/Users/keshavagarwal/Desktop/rewards-catalog-ui/app/components/molecules/SettingsQuickActions/styles.js": {"path":"/Users/keshavagarwal/Desktop/rewards-catalog-ui/app/components/molecules/SettingsQuickActions/styles.js","statementMap":{},"fnMap":{},"branchMap":{},"s":{},"f":{},"b":{},"_coverageSchema":"1a1c01bbd47fc00a2c39e90264f33305004495a9","hash":"7d3c85a382b2b4739f6392b8543f2fbea9a62900"}
,"/Users/keshavagarwal/Desktop/rewards-catalog-ui/app/components/organisms/NavigationBar/NavigationBar.js": {"path":"/Users/keshavagarwal/Desktop/rewards-catalog-ui/app/components/organisms/NavigationBar/NavigationBar.js","statementMap":{"0":{"start":{"line":24,"column":27},"end":{"line":24,"column":36}},"1":{"start":{"line":26,"column":35},"end":{"line":31,"column":1}},"2":{"start":{"line":27,"column":15},"end":{"line":27,"column":74}},"3":{"start":{"line":28,"column":19},"end":{"line":28,"column":40}},"4":{"start":{"line":29,"column":23},"end":{"line":29,"column":87}},"5":{"start":{"line":29,"column":48},"end":{"line":29,"column":86}},"6":{"start":{"line":30,"column":2},"end":{"line":30,"column":56}},"7":{"start":{"line":33,"column":29},"end":{"line":180,"column":1}},"8":{"start":{"line":44,"column":25},"end":{"line":44,"column":63}},"9":{"start":{"line":44,"column":39},"end":{"line":44,"column":63}},"10":{"start":{"line":46,"column":28},"end":{"line":46,"column":60}},"11":{"start":{"line":48,"column":25},"end":{"line":48,"column":90}},"12":{"start":{"line":50,"column":33},"end":{"line":57,"column":3}},"13":{"start":{"line":52,"column":6},"end":{"line":55,"column":9}},"14":{"start":{"line":52,"column":36},"end":{"line":55,"column":7}},"15":{"start":{"line":59,"column":26},"end":{"line":70,"column":3}},"16":{"start":{"line":59,"column":32},"end":{"line":70,"column":3}},"17":{"start":{"line":71,"column":29},"end":{"line":76,"column":3}},"18":{"start":{"line":72,"column":31},"end":{"line":72,"column":36}},"19":{"start":{"line":73,"column":4},"end":{"line":75,"column":5}},"20":{"start":{"line":74,"column":6},"end":{"line":74,"column":44}},"21":{"start":{"line":78,"column":25},"end":{"line":97,"column":3}},"22":{"start":{"line":78,"column":31},"end":{"line":97,"column":3}},"23":{"start":{"line":99,"column":34},"end":{"line":104,"column":3}},"24":{"start":{"line":100,"column":32},"end":{"line":100,"column":37}},"25":{"start":{"line":101,"column":4},"end":{"line":103,"column":5}},"26":{"start":{"line":102,"column":6},"end":{"line":102,"column":42}},"27":{"start":{"line":106,"column":26},"end":{"line":111,"column":3}},"28":{"start":{"line":107,"column":24},"end":{"line":107,"column":29}},"29":{"start":{"line":108,"column":4},"end":{"line":110,"column":5}},"30":{"start":{"line":109,"column":6},"end":{"line":109,"column":37}},"31":{"start":{"line":113,"column":30},"end":{"line":118,"column":3}},"32":{"start":{"line":114,"column":28},"end":{"line":114,"column":33}},"33":{"start":{"line":115,"column":4},"end":{"line":117,"column":5}},"34":{"start":{"line":116,"column":6},"end":{"line":116,"column":40}},"35":{"start":{"line":120,"column":26},"end":{"line":125,"column":3}},"36":{"start":{"line":121,"column":24},"end":{"line":121,"column":57}},"37":{"start":{"line":122,"column":4},"end":{"line":124,"column":5}},"38":{"start":{"line":123,"column":6},"end":{"line":123,"column":29}},"39":{"start":{"line":127,"column":31},"end":{"line":130,"column":3}},"40":{"start":{"line":128,"column":24},"end":{"line":128,"column":29}},"41":{"start":{"line":129,"column":4},"end":{"line":129,"column":48}},"42":{"start":{"line":132,"column":22},"end":{"line":132,"column":38}},"43":{"start":{"line":133,"column":28},"end":{"line":133,"column":45}},"44":{"start":{"line":135,"column":30},"end":{"line":147,"column":3}},"45":{"start":{"line":137,"column":6},"end":{"line":144,"column":17}},"46":{"start":{"line":140,"column":12},"end":{"line":140,"column":65}},"47":{"start":{"line":149,"column":2},"end":{"line":179,"column":4}},"48":{"start":{"line":182,"column":0},"end":{"line":198,"column":2}},"49":{"start":{"line":200,"column":0},"end":{"line":213,"column":2}}},"fnMap":{"0":{"name":"(anonymous_0)","decl":{"start":{"line":26,"column":35},"end":{"line":26,"column":36}},"loc":{"start":{"line":26,"column":41},"end":{"line":31,"column":1}},"line":26},"1":{"name":"(anonymous_1)","decl":{"start":{"line":29,"column":38},"end":{"line":29,"column":39}},"loc":{"start":{"line":29,"column":48},"end":{"line":29,"column":86}},"line":29},"2":{"name":"(anonymous_2)","decl":{"start":{"line":33,"column":29},"end":{"line":33,"column":30}},"loc":{"start":{"line":43,"column":6},"end":{"line":180,"column":1}},"line":43},"3":{"name":"(anonymous_3)","decl":{"start":{"line":41,"column":26},"end":{"line":41,"column":27}},"loc":{"start":{"line":41,"column":32},"end":{"line":41,"column":34}},"line":41},"4":{"name":"(anonymous_4)","decl":{"start":{"line":44,"column":25},"end":{"line":44,"column":26}},"loc":{"start":{"line":44,"column":39},"end":{"line":44,"column":63}},"line":44},"5":{"name":"(anonymous_5)","decl":{"start":{"line":51,"column":4},"end":{"line":51,"column":5}},"loc":{"start":{"line":52,"column":6},"end":{"line":55,"column":9}},"line":52},"6":{"name":"(anonymous_6)","decl":{"start":{"line":52,"column":25},"end":{"line":52,"column":26}},"loc":{"start":{"line":52,"column":36},"end":{"line":55,"column":7}},"line":52},"7":{"name":"(anonymous_7)","decl":{"start":{"line":59,"column":26},"end":{"line":59,"column":27}},"loc":{"start":{"line":59,"column":32},"end":{"line":70,"column":3}},"line":59},"8":{"name":"(anonymous_8)","decl":{"start":{"line":71,"column":29},"end":{"line":71,"column":30}},"loc":{"start":{"line":71,"column":35},"end":{"line":76,"column":3}},"line":71},"9":{"name":"(anonymous_9)","decl":{"start":{"line":78,"column":25},"end":{"line":78,"column":26}},"loc":{"start":{"line":78,"column":31},"end":{"line":97,"column":3}},"line":78},"10":{"name":"(anonymous_10)","decl":{"start":{"line":95,"column":43},"end":{"line":95,"column":44}},"loc":{"start":{"line":95,"column":49},"end":{"line":95,"column":51}},"line":95},"11":{"name":"(anonymous_11)","decl":{"start":{"line":99,"column":34},"end":{"line":99,"column":35}},"loc":{"start":{"line":99,"column":40},"end":{"line":104,"column":3}},"line":99},"12":{"name":"(anonymous_12)","decl":{"start":{"line":106,"column":26},"end":{"line":106,"column":27}},"loc":{"start":{"line":106,"column":32},"end":{"line":111,"column":3}},"line":106},"13":{"name":"(anonymous_13)","decl":{"start":{"line":113,"column":30},"end":{"line":113,"column":31}},"loc":{"start":{"line":113,"column":36},"end":{"line":118,"column":3}},"line":113},"14":{"name":"(anonymous_14)","decl":{"start":{"line":120,"column":26},"end":{"line":120,"column":27}},"loc":{"start":{"line":120,"column":37},"end":{"line":125,"column":3}},"line":120},"15":{"name":"(anonymous_15)","decl":{"start":{"line":127,"column":31},"end":{"line":127,"column":32}},"loc":{"start":{"line":127,"column":41},"end":{"line":130,"column":3}},"line":127},"16":{"name":"(anonymous_16)","decl":{"start":{"line":136,"column":4},"end":{"line":136,"column":5}},"loc":{"start":{"line":137,"column":6},"end":{"line":144,"column":17}},"line":137},"17":{"name":"(anonymous_17)","decl":{"start":{"line":139,"column":31},"end":{"line":139,"column":32}},"loc":{"start":{"line":140,"column":12},"end":{"line":140,"column":65}},"line":140},"18":{"name":"(anonymous_18)","decl":{"start":{"line":210,"column":13},"end":{"line":210,"column":14}},"loc":{"start":{"line":210,"column":19},"end":{"line":210,"column":21}},"line":210},"19":{"name":"(anonymous_19)","decl":{"start":{"line":211,"column":10},"end":{"line":211,"column":11}},"loc":{"start":{"line":211,"column":16},"end":{"line":211,"column":18}},"line":211},"20":{"name":"(anonymous_20)","decl":{"start":{"line":212,"column":32},"end":{"line":212,"column":33}},"loc":{"start":{"line":212,"column":38},"end":{"line":212,"column":40}},"line":212}},"branchMap":{"0":{"loc":{"start":{"line":27,"column":15},"end":{"line":27,"column":74}},"type":"binary-expr","locations":[{"start":{"line":27,"column":15},"end":{"line":27,"column":68}},{"start":{"line":27,"column":72},"end":{"line":27,"column":74}}],"line":27},"1":{"loc":{"start":{"line":29,"column":48},"end":{"line":29,"column":86}},"type":"binary-expr","locations":[{"start":{"line":29,"column":48},"end":{"line":29,"column":58}},{"start":{"line":29,"column":62},"end":{"line":29,"column":86}}],"line":29},"2":{"loc":{"start":{"line":30,"column":9},"end":{"line":30,"column":55}},"type":"cond-expr","locations":[{"start":{"line":30,"column":24},"end":{"line":30,"column":40}},{"start":{"line":30,"column":43},"end":{"line":30,"column":55}}],"line":30},"3":{"loc":{"start":{"line":38,"column":2},"end":{"line":38,"column":21}},"type":"default-arg","locations":[{"start":{"line":38,"column":19},"end":{"line":38,"column":21}}],"line":38},"4":{"loc":{"start":{"line":41,"column":8},"end":{"line":41,"column":41}},"type":"default-arg","locations":[{"start":{"line":41,"column":39},"end":{"line":41,"column":41}}],"line":41},"5":{"loc":{"start":{"line":41,"column":10},"end":{"line":41,"column":34}},"type":"default-arg","locations":[{"start":{"line":41,"column":26},"end":{"line":41,"column":34}}],"line":41},"6":{"loc":{"start":{"line":48,"column":25},"end":{"line":48,"column":90}},"type":"binary-expr","locations":[{"start":{"line":48,"column":25},"end":{"line":48,"column":81}},{"start":{"line":48,"column":85},"end":{"line":48,"column":90}}],"line":48},"7":{"loc":{"start":{"line":73,"column":4},"end":{"line":75,"column":5}},"type":"if","locations":[{"start":{"line":73,"column":4},"end":{"line":75,"column":5}},{"start":{},"end":{}}],"line":73},"8":{"loc":{"start":{"line":94,"column":15},"end":{"line":94,"column":77}},"type":"binary-expr","locations":[{"start":{"line":94,"column":15},"end":{"line":94,"column":33}},{"start":{"line":94,"column":37},"end":{"line":94,"column":77}}],"line":94},"9":{"loc":{"start":{"line":95,"column":22},"end":{"line":95,"column":73}},"type":"cond-expr","locations":[{"start":{"line":95,"column":43},"end":{"line":95,"column":51}},{"start":{"line":95,"column":54},"end":{"line":95,"column":73}}],"line":95},"10":{"loc":{"start":{"line":101,"column":4},"end":{"line":103,"column":5}},"type":"if","locations":[{"start":{"line":101,"column":4},"end":{"line":103,"column":5}},{"start":{},"end":{}}],"line":101},"11":{"loc":{"start":{"line":108,"column":4},"end":{"line":110,"column":5}},"type":"if","locations":[{"start":{"line":108,"column":4},"end":{"line":110,"column":5}},{"start":{},"end":{}}],"line":108},"12":{"loc":{"start":{"line":115,"column":4},"end":{"line":117,"column":5}},"type":"if","locations":[{"start":{"line":115,"column":4},"end":{"line":117,"column":5}},{"start":{},"end":{}}],"line":115},"13":{"loc":{"start":{"line":122,"column":4},"end":{"line":124,"column":5}},"type":"if","locations":[{"start":{"line":122,"column":4},"end":{"line":124,"column":5}},{"start":{},"end":{}}],"line":122},"14":{"loc":{"start":{"line":151,"column":7},"end":{"line":177,"column":7}},"type":"cond-expr","locations":[{"start":{"line":152,"column":8},"end":{"line":174,"column":24}},{"start":{"line":176,"column":8},"end":{"line":176,"column":67}}],"line":151}},"s":{"0":2,"1":2,"2":6,"3":6,"4":6,"5":54,"6":6,"7":2,"8":6,"9":1,"10":6,"11":6,"12":6,"13":6,"14":3,"15":6,"16":6,"17":6,"18":0,"19":0,"20":0,"21":6,"22":6,"23":6,"24":0,"25":0,"26":0,"27":6,"28":0,"29":0,"30":0,"31":6,"32":1,"33":1,"34":1,"35":6,"36":0,"37":0,"38":0,"39":6,"40":0,"41":0,"42":6,"43":6,"44":6,"45":6,"46":18,"47":6,"48":2,"49":2},"f":{"0":6,"1":54,"2":6,"3":0,"4":1,"5":6,"6":3,"7":6,"8":0,"9":6,"10":0,"11":0,"12":0,"13":1,"14":0,"15":0,"16":6,"17":18,"18":0,"19":0,"20":0},"b":{"0":[6,0],"1":[54,54],"2":[0,6],"3":[0],"4":[0],"5":[0],"6":[6,0],"7":[0,0],"8":[6,0],"9":[0,6],"10":[0,0],"11":[0,0],"12":[1,0],"13":[0,0],"14":[6,0]},"_coverageSchema":"1a1c01bbd47fc00a2c39e90264f33305004495a9","hash":"92c565df7df76299a6a60235e1e8d45fb6a3ad03"}
,"/Users/keshavagarwal/Desktop/rewards-catalog-ui/app/components/organisms/OrgChange/OrgChange.js": {"path":"/Users/keshavagarwal/Desktop/rewards-catalog-ui/app/components/organisms/OrgChange/OrgChange.js","statementMap":{"0":{"start":{"line":25,"column":32},"end":{"line":25,"column":37}},"1":{"start":{"line":27,"column":41},"end":{"line":27,"column":50}},"2":{"start":{"line":30,"column":2},"end":{"line":30,"column":19}},"3":{"start":{"line":32,"column":45},"end":{"line":32,"column":67}},"4":{"start":{"line":34,"column":22},"end":{"line":34,"column":57}},"5":{"start":{"line":36,"column":25},"end":{"line":204,"column":1}},"6":{"start":{"line":44,"column":50},"end":{"line":44,"column":65}},"7":{"start":{"line":45,"column":54},"end":{"line":45,"column":69}},"8":{"start":{"line":46,"column":46},"end":{"line":46,"column":71}},"9":{"start":{"line":47,"column":56},"end":{"line":50,"column":4}},"10":{"start":{"line":52,"column":2},"end":{"line":54,"column":22}},"11":{"start":{"line":53,"column":4},"end":{"line":53,"column":66}},"12":{"start":{"line":56,"column":32},"end":{"line":71,"column":3}},"13":{"start":{"line":57,"column":4},"end":{"line":57,"column":40}},"14":{"start":{"line":58,"column":4},"end":{"line":70,"column":7}},"15":{"start":{"line":73,"column":30},"end":{"line":81,"column":3}},"16":{"start":{"line":74,"column":35},"end":{"line":74,"column":40}},"17":{"start":{"line":75,"column":4},"end":{"line":80,"column":5}},"18":{"start":{"line":76,"column":34},"end":{"line":76,"column":56}},"19":{"start":{"line":77,"column":6},"end":{"line":77,"column":32}},"20":{"start":{"line":78,"column":6},"end":{"line":78,"column":31}},"21":{"start":{"line":79,"column":6},"end":{"line":79,"column":50}},"22":{"start":{"line":83,"column":36},"end":{"line":87,"column":3}},"23":{"start":{"line":84,"column":4},"end":{"line":84,"column":51}},"24":{"start":{"line":85,"column":4},"end":{"line":85,"column":69}},"25":{"start":{"line":86,"column":4},"end":{"line":86,"column":60}},"26":{"start":{"line":89,"column":39},"end":{"line":93,"column":3}},"27":{"start":{"line":90,"column":4},"end":{"line":90,"column":54}},"28":{"start":{"line":91,"column":4},"end":{"line":91,"column":72}},"29":{"start":{"line":92,"column":4},"end":{"line":92,"column":63}},"30":{"start":{"line":95,"column":33},"end":{"line":112,"column":3}},"31":{"start":{"line":96,"column":24},"end":{"line":96,"column":39}},"32":{"start":{"line":97,"column":30},"end":{"line":97,"column":44}},"33":{"start":{"line":98,"column":4},"end":{"line":111,"column":5}},"34":{"start":{"line":99,"column":6},"end":{"line":99,"column":47}},"35":{"start":{"line":100,"column":20},"end":{"line":102,"column":14}},"36":{"start":{"line":101,"column":8},"end":{"line":101,"column":49}},"37":{"start":{"line":103,"column":6},"end":{"line":110,"column":8}},"38":{"start":{"line":105,"column":10},"end":{"line":105,"column":31}},"39":{"start":{"line":106,"column":10},"end":{"line":106,"column":45}},"40":{"start":{"line":107,"column":10},"end":{"line":107,"column":32}},"41":{"start":{"line":114,"column":27},"end":{"line":118,"column":3}},"42":{"start":{"line":116,"column":6},"end":{"line":116,"column":14}},"43":{"start":{"line":117,"column":4},"end":{"line":117,"column":84}},"44":{"start":{"line":120,"column":32},"end":{"line":145,"column":3}},"45":{"start":{"line":121,"column":55},"end":{"line":121,"column":74}},"46":{"start":{"line":122,"column":23},"end":{"line":122,"column":57}},"47":{"start":{"line":123,"column":23},"end":{"line":123,"column":57}},"48":{"start":{"line":124,"column":4},"end":{"line":124,"column":29}},"49":{"start":{"line":125,"column":4},"end":{"line":144,"column":6}},"50":{"start":{"line":147,"column":28},"end":{"line":152,"column":3}},"51":{"start":{"line":148,"column":4},"end":{"line":151,"column":5}},"52":{"start":{"line":149,"column":6},"end":{"line":149,"column":37}},"53":{"start":{"line":150,"column":6},"end":{"line":150,"column":28}},"54":{"start":{"line":154,"column":30},"end":{"line":156,"column":3}},"55":{"start":{"line":155,"column":4},"end":{"line":155,"column":33}},"56":{"start":{"line":158,"column":31},"end":{"line":175,"column":3}},"57":{"start":{"line":159,"column":85},"end":{"line":159,"column":93}},"58":{"start":{"line":160,"column":23},"end":{"line":160,"column":54}},"59":{"start":{"line":161,"column":4},"end":{"line":174,"column":6}},"60":{"start":{"line":177,"column":2},"end":{"line":182,"column":9}},"61":{"start":{"line":178,"column":4},"end":{"line":178,"column":32}},"62":{"start":{"line":179,"column":4},"end":{"line":181,"column":6}},"63":{"start":{"line":180,"column":6},"end":{"line":180,"column":37}},"64":{"start":{"line":184,"column":2},"end":{"line":189,"column":41}},"65":{"start":{"line":185,"column":4},"end":{"line":185,"column":74}},"66":{"start":{"line":186,"column":4},"end":{"line":188,"column":6}},"67":{"start":{"line":187,"column":6},"end":{"line":187,"column":79}},"68":{"start":{"line":191,"column":2},"end":{"line":196,"column":17}},"69":{"start":{"line":192,"column":27},"end":{"line":192,"column":83}},"70":{"start":{"line":193,"column":4},"end":{"line":195,"column":5}},"71":{"start":{"line":194,"column":6},"end":{"line":194,"column":44}},"72":{"start":{"line":198,"column":2},"end":{"line":203,"column":4}},"73":{"start":{"line":206,"column":0},"end":{"line":213,"column":2}},"74":{"start":{"line":215,"column":0},"end":{"line":221,"column":2}}},"fnMap":{"0":{"name":"(anonymous_0)","decl":{"start":{"line":36,"column":25},"end":{"line":36,"column":26}},"loc":{"start":{"line":43,"column":6},"end":{"line":204,"column":1}},"line":43},"1":{"name":"(anonymous_1)","decl":{"start":{"line":52,"column":12},"end":{"line":52,"column":13}},"loc":{"start":{"line":52,"column":18},"end":{"line":54,"column":3}},"line":52},"2":{"name":"(anonymous_2)","decl":{"start":{"line":56,"column":32},"end":{"line":56,"column":33}},"loc":{"start":{"line":56,"column":52},"end":{"line":71,"column":3}},"line":56},"3":{"name":"(anonymous_3)","decl":{"start":{"line":73,"column":30},"end":{"line":73,"column":31}},"loc":{"start":{"line":73,"column":41},"end":{"line":81,"column":3}},"line":73},"4":{"name":"(anonymous_4)","decl":{"start":{"line":83,"column":36},"end":{"line":83,"column":37}},"loc":{"start":{"line":83,"column":42},"end":{"line":87,"column":3}},"line":83},"5":{"name":"(anonymous_5)","decl":{"start":{"line":89,"column":39},"end":{"line":89,"column":40}},"loc":{"start":{"line":89,"column":45},"end":{"line":93,"column":3}},"line":89},"6":{"name":"(anonymous_6)","decl":{"start":{"line":95,"column":33},"end":{"line":95,"column":34}},"loc":{"start":{"line":95,"column":39},"end":{"line":112,"column":3}},"line":95},"7":{"name":"(anonymous_7)","decl":{"start":{"line":100,"column":32},"end":{"line":100,"column":33}},"loc":{"start":{"line":100,"column":38},"end":{"line":102,"column":7}},"line":100},"8":{"name":"(anonymous_8)","decl":{"start":{"line":104,"column":8},"end":{"line":104,"column":9}},"loc":{"start":{"line":104,"column":14},"end":{"line":108,"column":9}},"line":104},"9":{"name":"(anonymous_9)","decl":{"start":{"line":114,"column":27},"end":{"line":114,"column":28}},"loc":{"start":{"line":114,"column":38},"end":{"line":118,"column":3}},"line":114},"10":{"name":"(anonymous_10)","decl":{"start":{"line":120,"column":32},"end":{"line":120,"column":33}},"loc":{"start":{"line":120,"column":38},"end":{"line":145,"column":3}},"line":120},"11":{"name":"(anonymous_11)","decl":{"start":{"line":147,"column":28},"end":{"line":147,"column":29}},"loc":{"start":{"line":147,"column":34},"end":{"line":152,"column":3}},"line":147},"12":{"name":"(anonymous_12)","decl":{"start":{"line":154,"column":30},"end":{"line":154,"column":31}},"loc":{"start":{"line":154,"column":36},"end":{"line":156,"column":3}},"line":154},"13":{"name":"(anonymous_13)","decl":{"start":{"line":158,"column":31},"end":{"line":158,"column":32}},"loc":{"start":{"line":158,"column":37},"end":{"line":175,"column":3}},"line":158},"14":{"name":"(anonymous_14)","decl":{"start":{"line":177,"column":12},"end":{"line":177,"column":13}},"loc":{"start":{"line":177,"column":18},"end":{"line":182,"column":3}},"line":177},"15":{"name":"(anonymous_15)","decl":{"start":{"line":179,"column":11},"end":{"line":179,"column":12}},"loc":{"start":{"line":179,"column":17},"end":{"line":181,"column":5}},"line":179},"16":{"name":"(anonymous_16)","decl":{"start":{"line":184,"column":12},"end":{"line":184,"column":13}},"loc":{"start":{"line":184,"column":18},"end":{"line":189,"column":3}},"line":184},"17":{"name":"(anonymous_17)","decl":{"start":{"line":186,"column":11},"end":{"line":186,"column":12}},"loc":{"start":{"line":186,"column":17},"end":{"line":188,"column":5}},"line":186},"18":{"name":"(anonymous_18)","decl":{"start":{"line":191,"column":12},"end":{"line":191,"column":13}},"loc":{"start":{"line":191,"column":18},"end":{"line":196,"column":3}},"line":191},"19":{"name":"(anonymous_19)","decl":{"start":{"line":219,"column":19},"end":{"line":219,"column":20}},"loc":{"start":{"line":219,"column":25},"end":{"line":219,"column":27}},"line":219},"20":{"name":"(anonymous_20)","decl":{"start":{"line":220,"column":23},"end":{"line":220,"column":24}},"loc":{"start":{"line":220,"column":29},"end":{"line":220,"column":31}},"line":220}},"branchMap":{"0":{"loc":{"start":{"line":37,"column":2},"end":{"line":37,"column":15}},"type":"default-arg","locations":[{"start":{"line":37,"column":13},"end":{"line":37,"column":15}}],"line":37},"1":{"loc":{"start":{"line":53,"column":26},"end":{"line":53,"column":64}},"type":"binary-expr","locations":[{"start":{"line":53,"column":26},"end":{"line":53,"column":41}},{"start":{"line":53,"column":45},"end":{"line":53,"column":64}}],"line":53},"2":{"loc":{"start":{"line":75,"column":4},"end":{"line":80,"column":5}},"type":"if","locations":[{"start":{"line":75,"column":4},"end":{"line":80,"column":5}},{"start":{},"end":{}}],"line":75},"3":{"loc":{"start":{"line":98,"column":4},"end":{"line":111,"column":5}},"type":"if","locations":[{"start":{"line":98,"column":4},"end":{"line":111,"column":5}},{"start":{},"end":{}}],"line":98},"4":{"loc":{"start":{"line":98,"column":8},"end":{"line":98,"column":83}},"type":"binary-expr","locations":[{"start":{"line":98,"column":8},"end":{"line":98,"column":20}},{"start":{"line":98,"column":24},"end":{"line":98,"column":40}},{"start":{"line":98,"column":44},"end":{"line":98,"column":83}}],"line":98},"5":{"loc":{"start":{"line":115,"column":18},"end":{"line":115,"column":90}},"type":"default-arg","locations":[{"start":{"line":115,"column":88},"end":{"line":115,"column":90}}],"line":115},"6":{"loc":{"start":{"line":115,"column":20},"end":{"line":115,"column":37}},"type":"default-arg","locations":[{"start":{"line":115,"column":35},"end":{"line":115,"column":37}}],"line":115},"7":{"loc":{"start":{"line":148,"column":4},"end":{"line":151,"column":5}},"type":"if","locations":[{"start":{"line":148,"column":4},"end":{"line":151,"column":5}},{"start":{},"end":{}}],"line":148},"8":{"loc":{"start":{"line":159,"column":31},"end":{"line":159,"column":80}},"type":"default-arg","locations":[{"start":{"line":159,"column":78},"end":{"line":159,"column":80}}],"line":159},"9":{"loc":{"start":{"line":159,"column":48},"end":{"line":159,"column":73}},"type":"default-arg","locations":[{"start":{"line":159,"column":71},"end":{"line":159,"column":73}}],"line":159},"10":{"loc":{"start":{"line":192,"column":27},"end":{"line":192,"column":83}},"type":"binary-expr","locations":[{"start":{"line":192,"column":27},"end":{"line":192,"column":75}},{"start":{"line":192,"column":79},"end":{"line":192,"column":83}}],"line":192},"11":{"loc":{"start":{"line":193,"column":4},"end":{"line":195,"column":5}},"type":"if","locations":[{"start":{"line":193,"column":4},"end":{"line":195,"column":5}},{"start":{},"end":{}}],"line":193},"12":{"loc":{"start":{"line":193,"column":8},"end":{"line":193,"column":54}},"type":"binary-expr","locations":[{"start":{"line":193,"column":8},"end":{"line":193,"column":22}},{"start":{"line":193,"column":26},"end":{"line":193,"column":54}}],"line":193},"13":{"loc":{"start":{"line":200,"column":7},"end":{"line":200,"column":50}},"type":"binary-expr","locations":[{"start":{"line":200,"column":7},"end":{"line":200,"column":23}},{"start":{"line":200,"column":27},"end":{"line":200,"column":50}}],"line":200},"14":{"loc":{"start":{"line":201,"column":7},"end":{"line":201,"column":51}},"type":"binary-expr","locations":[{"start":{"line":201,"column":7},"end":{"line":201,"column":25}},{"start":{"line":201,"column":29},"end":{"line":201,"column":51}}],"line":201}},"s":{"0":1,"1":1,"2":1,"3":1,"4":1,"5":1,"6":3,"7":3,"8":3,"9":3,"10":3,"11":3,"12":3,"13":0,"14":0,"15":3,"16":0,"17":0,"18":0,"19":0,"20":0,"21":0,"22":3,"23":3,"24":3,"25":3,"26":3,"27":3,"28":3,"29":3,"30":3,"31":0,"32":0,"33":0,"34":0,"35":0,"36":0,"37":0,"38":0,"39":0,"40":0,"41":3,"42":0,"43":0,"44":3,"45":0,"46":0,"47":0,"48":0,"49":0,"50":3,"51":0,"52":0,"53":0,"54":3,"55":0,"56":3,"57":0,"58":0,"59":0,"60":3,"61":3,"62":3,"63":3,"64":3,"65":3,"66":3,"67":3,"68":3,"69":3,"70":3,"71":0,"72":3,"73":1,"74":1},"f":{"0":3,"1":3,"2":0,"3":0,"4":3,"5":3,"6":0,"7":0,"8":0,"9":0,"10":0,"11":0,"12":0,"13":0,"14":3,"15":3,"16":3,"17":3,"18":3,"19":0,"20":0},"b":{"0":[0],"1":[3,3],"2":[0,0],"3":[0,0],"4":[0,0,0],"5":[0],"6":[0],"7":[0,0],"8":[0],"9":[0],"10":[3,3],"11":[0,3],"12":[3,0],"13":[3,0],"14":[3,0]},"_coverageSchema":"1a1c01bbd47fc00a2c39e90264f33305004495a9","hash":"8ac398ecb6fe77d67a1daf787171426012226f7c"}
,"/Users/keshavagarwal/Desktop/rewards-catalog-ui/app/components/pages/App/routes.js": {"path":"/Users/keshavagarwal/Desktop/rewards-catalog-ui/app/components/pages/App/routes.js","statementMap":{"0":{"start":{"line":5,"column":15},"end":{"line":20,"column":1}},"1":{"start":{"line":13,"column":30},"end":{"line":13,"column":65}},"2":{"start":{"line":18,"column":30},"end":{"line":18,"column":98}}},"fnMap":{"0":{"name":"(anonymous_0)","decl":{"start":{"line":13,"column":24},"end":{"line":13,"column":25}},"loc":{"start":{"line":13,"column":30},"end":{"line":13,"column":65}},"line":13},"1":{"name":"(anonymous_1)","decl":{"start":{"line":18,"column":24},"end":{"line":18,"column":25}},"loc":{"start":{"line":18,"column":30},"end":{"line":18,"column":98}},"line":18}},"branchMap":{},"s":{"0":3,"1":1,"2":1},"f":{"0":1,"1":1},"b":{},"_coverageSchema":"1a1c01bbd47fc00a2c39e90264f33305004495a9","hash":"726eed5578eff7610ff91a36385791b06c69091c"}
,"/Users/keshavagarwal/Desktop/rewards-catalog-ui/app/components/pages/Cap/Cap.js": {"path":"/Users/keshavagarwal/Desktop/rewards-catalog-ui/app/components/pages/Cap/Cap.js","statementMap":{"0":{"start":{"line":36,"column":28},"end":{"line":36,"column":40}},"1":{"start":{"line":37,"column":60},"end":{"line":37,"column":72}},"2":{"start":{"line":38,"column":23},"end":{"line":38,"column":27}},"3":{"start":{"line":39,"column":25},"end":{"line":39,"column":31}},"4":{"start":{"line":46,"column":4},"end":{"line":46,"column":13}},"5":{"start":{"line":54,"column":4},"end":{"line":54,"column":13}},"6":{"start":{"line":56,"column":31},"end":{"line":56,"column":48}},"7":{"start":{"line":58,"column":22},"end":{"line":58,"column":55}},"8":{"start":{"line":59,"column":12},"end":{"line":59,"column":34}},"9":{"start":{"line":61,"column":19},"end":{"line":217,"column":1}},"10":{"start":{"line":72,"column":23},"end":{"line":72,"column":31}},"11":{"start":{"line":73,"column":38},"end":{"line":73,"column":45}},"12":{"start":{"line":74,"column":38},"end":{"line":74,"column":46}},"13":{"start":{"line":75,"column":20},"end":{"line":75,"column":24}},"14":{"start":{"line":76,"column":22},"end":{"line":76,"column":57}},"15":{"start":{"line":79,"column":25},"end":{"line":79,"column":51}},"16":{"start":{"line":81,"column":44},"end":{"line":81,"column":58}},"17":{"start":{"line":82,"column":35},"end":{"line":82,"column":52}},"18":{"start":{"line":84,"column":2},"end":{"line":123,"column":21}},"19":{"start":{"line":85,"column":27},"end":{"line":115,"column":5}},"20":{"start":{"line":86,"column":23},"end":{"line":86,"column":53}},"21":{"start":{"line":87,"column":24},"end":{"line":87,"column":63}},"22":{"start":{"line":95,"column":10},"end":{"line":95,"column":27}},"23":{"start":{"line":96,"column":22},"end":{"line":113,"column":7}},"24":{"start":{"line":114,"column":6},"end":{"line":114,"column":21}},"25":{"start":{"line":116,"column":4},"end":{"line":119,"column":5}},"26":{"start":{"line":117,"column":26},"end":{"line":117,"column":65}},"27":{"start":{"line":118,"column":6},"end":{"line":118,"column":73}},"28":{"start":{"line":120,"column":4},"end":{"line":122,"column":5}},"29":{"start":{"line":121,"column":6},"end":{"line":121,"column":26}},"30":{"start":{"line":125,"column":2},"end":{"line":137,"column":16}},"31":{"start":{"line":126,"column":4},"end":{"line":126,"column":32}},"32":{"start":{"line":127,"column":4},"end":{"line":127,"column":34}},"33":{"start":{"line":128,"column":4},"end":{"line":130,"column":5}},"34":{"start":{"line":129,"column":6},"end":{"line":129,"column":36}},"35":{"start":{"line":131,"column":4},"end":{"line":133,"column":5}},"36":{"start":{"line":132,"column":6},"end":{"line":132,"column":28}},"37":{"start":{"line":134,"column":4},"end":{"line":136,"column":6}},"38":{"start":{"line":135,"column":6},"end":{"line":135,"column":36}},"39":{"start":{"line":139,"column":20},"end":{"line":145,"column":3}},"40":{"start":{"line":140,"column":4},"end":{"line":144,"column":5}},"41":{"start":{"line":141,"column":6},"end":{"line":141,"column":30}},"42":{"start":{"line":143,"column":6},"end":{"line":143,"column":29}},"43":{"start":{"line":147,"column":26},"end":{"line":149,"column":3}},"44":{"start":{"line":148,"column":4},"end":{"line":148,"column":50}},"45":{"start":{"line":151,"column":30},"end":{"line":154,"column":3}},"46":{"start":{"line":152,"column":19},"end":{"line":152,"column":41}},"47":{"start":{"line":153,"column":4},"end":{"line":153,"column":53}},"48":{"start":{"line":156,"column":17},"end":{"line":158,"column":3}},"49":{"start":{"line":157,"column":4},"end":{"line":157,"column":33}},"50":{"start":{"line":161,"column":2},"end":{"line":169,"column":66}},"51":{"start":{"line":162,"column":4},"end":{"line":162,"column":54}},"52":{"start":{"line":162,"column":47},"end":{"line":162,"column":54}},"53":{"start":{"line":163,"column":24},"end":{"line":163,"column":48}},"54":{"start":{"line":164,"column":23},"end":{"line":164,"column":66}},"55":{"start":{"line":166,"column":4},"end":{"line":168,"column":5}},"56":{"start":{"line":167,"column":6},"end":{"line":167,"column":31}},"57":{"start":{"line":171,"column":31},"end":{"line":175,"column":3}},"58":{"start":{"line":172,"column":4},"end":{"line":174,"column":5}},"59":{"start":{"line":173,"column":6},"end":{"line":173,"column":44}},"60":{"start":{"line":177,"column":24},"end":{"line":179,"column":3}},"61":{"start":{"line":178,"column":4},"end":{"line":178,"column":29}},"62":{"start":{"line":181,"column":2},"end":{"line":216,"column":4}},"63":{"start":{"line":219,"column":0},"end":{"line":230,"column":2}},"64":{"start":{"line":232,"column":0},"end":{"line":241,"column":2}},"65":{"start":{"line":243,"column":24},"end":{"line":249,"column":2}},"66":{"start":{"line":251,"column":27},"end":{"line":254,"column":2}},"67":{"start":{"line":251,"column":42},"end":{"line":254,"column":1}},"68":{"start":{"line":256,"column":20},"end":{"line":256,"column":64}},"69":{"start":{"line":258,"column":17},"end":{"line":258,"column":86}},"70":{"start":{"line":258,"column":44},"end":{"line":258,"column":85}},"71":{"start":{"line":260,"column":20},"end":{"line":260,"column":78}}},"fnMap":{"0":{"name":"(anonymous_0)","decl":{"start":{"line":61,"column":19},"end":{"line":61,"column":20}},"loc":{"start":{"line":71,"column":6},"end":{"line":217,"column":1}},"line":71},"1":{"name":"(anonymous_1)","decl":{"start":{"line":84,"column":12},"end":{"line":84,"column":13}},"loc":{"start":{"line":84,"column":18},"end":{"line":123,"column":3}},"line":84},"2":{"name":"(anonymous_2)","decl":{"start":{"line":85,"column":27},"end":{"line":85,"column":28}},"loc":{"start":{"line":85,"column":60},"end":{"line":115,"column":5}},"line":85},"3":{"name":"(anonymous_3)","decl":{"start":{"line":125,"column":12},"end":{"line":125,"column":13}},"loc":{"start":{"line":125,"column":18},"end":{"line":137,"column":3}},"line":125},"4":{"name":"(anonymous_4)","decl":{"start":{"line":134,"column":11},"end":{"line":134,"column":12}},"loc":{"start":{"line":134,"column":17},"end":{"line":136,"column":5}},"line":134},"5":{"name":"(anonymous_5)","decl":{"start":{"line":139,"column":20},"end":{"line":139,"column":21}},"loc":{"start":{"line":139,"column":31},"end":{"line":145,"column":3}},"line":139},"6":{"name":"(anonymous_6)","decl":{"start":{"line":147,"column":26},"end":{"line":147,"column":27}},"loc":{"start":{"line":147,"column":37},"end":{"line":149,"column":3}},"line":147},"7":{"name":"(anonymous_7)","decl":{"start":{"line":151,"column":30},"end":{"line":151,"column":31}},"loc":{"start":{"line":151,"column":36},"end":{"line":154,"column":3}},"line":151},"8":{"name":"(anonymous_8)","decl":{"start":{"line":156,"column":17},"end":{"line":156,"column":18}},"loc":{"start":{"line":156,"column":23},"end":{"line":158,"column":3}},"line":156},"9":{"name":"(anonymous_9)","decl":{"start":{"line":161,"column":12},"end":{"line":161,"column":13}},"loc":{"start":{"line":161,"column":18},"end":{"line":169,"column":3}},"line":161},"10":{"name":"(anonymous_10)","decl":{"start":{"line":171,"column":31},"end":{"line":171,"column":32}},"loc":{"start":{"line":171,"column":42},"end":{"line":175,"column":3}},"line":171},"11":{"name":"(anonymous_11)","decl":{"start":{"line":177,"column":24},"end":{"line":177,"column":25}},"loc":{"start":{"line":177,"column":30},"end":{"line":179,"column":3}},"line":177},"12":{"name":"(anonymous_12)","decl":{"start":{"line":251,"column":27},"end":{"line":251,"column":28}},"loc":{"start":{"line":251,"column":42},"end":{"line":254,"column":1}},"line":251},"13":{"name":"(anonymous_13)","decl":{"start":{"line":258,"column":27},"end":{"line":258,"column":28}},"loc":{"start":{"line":258,"column":44},"end":{"line":258,"column":85}},"line":258}},"branchMap":{"0":{"loc":{"start":{"line":59,"column":12},"end":{"line":59,"column":34}},"type":"binary-expr","locations":[{"start":{"line":59,"column":12},"end":{"line":59,"column":28}},{"start":{"line":59,"column":32},"end":{"line":59,"column":34}}],"line":59},"1":{"loc":{"start":{"line":62,"column":2},"end":{"line":62,"column":21}},"type":"default-arg","locations":[{"start":{"line":62,"column":19},"end":{"line":62,"column":21}}],"line":62},"2":{"loc":{"start":{"line":79,"column":25},"end":{"line":79,"column":51}},"type":"cond-expr","locations":[{"start":{"line":79,"column":39},"end":{"line":79,"column":43}},{"start":{"line":79,"column":46},"end":{"line":79,"column":51}}],"line":79},"3":{"loc":{"start":{"line":87,"column":24},"end":{"line":87,"column":63}},"type":"binary-expr","locations":[{"start":{"line":87,"column":24},"end":{"line":87,"column":51}},{"start":{"line":87,"column":55},"end":{"line":87,"column":63}}],"line":87},"4":{"loc":{"start":{"line":89,"column":23},"end":{"line":94,"column":14}},"type":"default-arg","locations":[{"start":{"line":94,"column":12},"end":{"line":94,"column":14}}],"line":89},"5":{"loc":{"start":{"line":90,"column":24},"end":{"line":90,"column":43}},"type":"default-arg","locations":[{"start":{"line":90,"column":41},"end":{"line":90,"column":43}}],"line":90},"6":{"loc":{"start":{"line":91,"column":25},"end":{"line":91,"column":45}},"type":"default-arg","locations":[{"start":{"line":91,"column":43},"end":{"line":91,"column":45}}],"line":91},"7":{"loc":{"start":{"line":92,"column":25},"end":{"line":92,"column":45}},"type":"default-arg","locations":[{"start":{"line":92,"column":43},"end":{"line":92,"column":45}}],"line":92},"8":{"loc":{"start":{"line":93,"column":10},"end":{"line":93,"column":19}},"type":"default-arg","locations":[{"start":{"line":93,"column":17},"end":{"line":93,"column":19}}],"line":93},"9":{"loc":{"start":{"line":116,"column":4},"end":{"line":119,"column":5}},"type":"if","locations":[{"start":{"line":116,"column":4},"end":{"line":119,"column":5}},{"start":{},"end":{}}],"line":116},"10":{"loc":{"start":{"line":120,"column":4},"end":{"line":122,"column":5}},"type":"if","locations":[{"start":{"line":120,"column":4},"end":{"line":122,"column":5}},{"start":{},"end":{}}],"line":120},"11":{"loc":{"start":{"line":128,"column":4},"end":{"line":130,"column":5}},"type":"if","locations":[{"start":{"line":128,"column":4},"end":{"line":130,"column":5}},{"start":{},"end":{}}],"line":128},"12":{"loc":{"start":{"line":128,"column":8},"end":{"line":128,"column":45}},"type":"binary-expr","locations":[{"start":{"line":128,"column":8},"end":{"line":128,"column":28}},{"start":{"line":128,"column":32},"end":{"line":128,"column":45}}],"line":128},"13":{"loc":{"start":{"line":131,"column":4},"end":{"line":133,"column":5}},"type":"if","locations":[{"start":{"line":131,"column":4},"end":{"line":133,"column":5}},{"start":{},"end":{}}],"line":131},"14":{"loc":{"start":{"line":140,"column":4},"end":{"line":144,"column":5}},"type":"if","locations":[{"start":{"line":140,"column":4},"end":{"line":144,"column":5}},{"start":{"line":142,"column":11},"end":{"line":144,"column":5}}],"line":140},"15":{"loc":{"start":{"line":162,"column":4},"end":{"line":162,"column":54}},"type":"if","locations":[{"start":{"line":162,"column":4},"end":{"line":162,"column":54}},{"start":{},"end":{}}],"line":162},"16":{"loc":{"start":{"line":162,"column":8},"end":{"line":162,"column":45}},"type":"binary-expr","locations":[{"start":{"line":162,"column":8},"end":{"line":162,"column":28}},{"start":{"line":162,"column":32},"end":{"line":162,"column":45}}],"line":162},"17":{"loc":{"start":{"line":166,"column":4},"end":{"line":168,"column":5}},"type":"if","locations":[{"start":{"line":166,"column":4},"end":{"line":168,"column":5}},{"start":{},"end":{}}],"line":166},"18":{"loc":{"start":{"line":166,"column":8},"end":{"line":166,"column":83}},"type":"binary-expr","locations":[{"start":{"line":166,"column":8},"end":{"line":166,"column":19}},{"start":{"line":166,"column":23},"end":{"line":166,"column":58}},{"start":{"line":166,"column":62},"end":{"line":166,"column":83}}],"line":166},"19":{"loc":{"start":{"line":172,"column":4},"end":{"line":174,"column":5}},"type":"if","locations":[{"start":{"line":172,"column":4},"end":{"line":174,"column":5}},{"start":{},"end":{}}],"line":172},"20":{"loc":{"start":{"line":183,"column":7},"end":{"line":200,"column":7}},"type":"binary-expr","locations":[{"start":{"line":183,"column":7},"end":{"line":183,"column":35}},{"start":{"line":184,"column":8},"end":{"line":199,"column":10}}],"line":183},"21":{"loc":{"start":{"line":201,"column":7},"end":{"line":208,"column":7}},"type":"binary-expr","locations":[{"start":{"line":201,"column":7},"end":{"line":201,"column":35}},{"start":{"line":202,"column":8},"end":{"line":207,"column":10}}],"line":201}},"s":{"0":1,"1":1,"2":1,"3":1,"4":1,"5":1,"6":1,"7":1,"8":1,"9":1,"10":3,"11":3,"12":3,"13":3,"14":3,"15":3,"16":3,"17":3,"18":3,"19":3,"20":3,"21":3,"22":3,"23":3,"24":3,"25":3,"26":3,"27":3,"28":3,"29":3,"30":3,"31":3,"32":3,"33":3,"34":3,"35":3,"36":0,"37":3,"38":3,"39":3,"40":0,"41":0,"42":0,"43":3,"44":0,"45":3,"46":0,"47":0,"48":3,"49":0,"50":3,"51":3,"52":0,"53":3,"54":3,"55":3,"56":0,"57":3,"58":0,"59":0,"60":3,"61":0,"62":3,"63":1,"64":1,"65":1,"66":1,"67":0,"68":1,"69":1,"70":7,"71":1},"f":{"0":3,"1":3,"2":3,"3":3,"4":3,"5":0,"6":0,"7":0,"8":0,"9":3,"10":0,"11":0,"12":0,"13":7},"b":{"0":[1,1],"1":[0],"2":[0,3],"3":[3,3],"4":[3],"5":[3],"6":[3],"7":[3],"8":[3],"9":[3,0],"10":[3,0],"11":[3,0],"12":[3,3],"13":[0,3],"14":[0,0],"15":[0,3],"16":[3,0],"17":[0,3],"18":[3,0,0],"19":[0,0],"20":[3,3],"21":[3,0]},"_coverageSchema":"1a1c01bbd47fc00a2c39e90264f33305004495a9","hash":"954d0080adbafc4c8a41f736bb94139855d19827"}
,"/Users/keshavagarwal/Desktop/rewards-catalog-ui/app/components/pages/Cap/reducer.js": {"path":"/Users/keshavagarwal/Desktop/rewards-catalog-ui/app/components/pages/Cap/reducer.js","statementMap":{"0":{"start":{"line":7,"column":47},"end":{"line":7,"column":56}},"1":{"start":{"line":9,"column":28},"end":{"line":18,"column":2}},"2":{"start":{"line":20,"column":19},"end":{"line":71,"column":1}},"3":{"start":{"line":21,"column":2},"end":{"line":70,"column":3}},"4":{"start":{"line":23,"column":6},"end":{"line":23,"column":71}},"5":{"start":{"line":25,"column":6},"end":{"line":25,"column":90}},"6":{"start":{"line":27,"column":6},"end":{"line":27,"column":92}},"7":{"start":{"line":29,"column":6},"end":{"line":29,"column":54}},"8":{"start":{"line":31,"column":6},"end":{"line":31,"column":70}},"9":{"start":{"line":33,"column":6},"end":{"line":33,"column":89}},"10":{"start":{"line":35,"column":6},"end":{"line":35,"column":91}},"11":{"start":{"line":37,"column":6},"end":{"line":37,"column":53}},"12":{"start":{"line":39,"column":6},"end":{"line":39,"column":45}},"13":{"start":{"line":41,"column":6},"end":{"line":41,"column":72}},"14":{"start":{"line":43,"column":6},"end":{"line":43,"column":86}},"15":{"start":{"line":45,"column":6},"end":{"line":45,"column":52}},"16":{"start":{"line":47,"column":6},"end":{"line":51,"column":43}},"17":{"start":{"line":53,"column":6},"end":{"line":53,"column":52}},"18":{"start":{"line":55,"column":6},"end":{"line":55,"column":60}},"19":{"start":{"line":57,"column":6},"end":{"line":59,"column":54}},"20":{"start":{"line":61,"column":6},"end":{"line":61,"column":96}},"21":{"start":{"line":63,"column":6},"end":{"line":63,"column":76}},"22":{"start":{"line":65,"column":6},"end":{"line":65,"column":95}},"23":{"start":{"line":67,"column":6},"end":{"line":67,"column":97}},"24":{"start":{"line":69,"column":6},"end":{"line":69,"column":19}}},"fnMap":{"0":{"name":"(anonymous_0)","decl":{"start":{"line":20,"column":19},"end":{"line":20,"column":20}},"loc":{"start":{"line":20,"column":53},"end":{"line":71,"column":1}},"line":20}},"branchMap":{"0":{"loc":{"start":{"line":20,"column":20},"end":{"line":20,"column":40}},"type":"default-arg","locations":[{"start":{"line":20,"column":28},"end":{"line":20,"column":40}}],"line":20},"1":{"loc":{"start":{"line":21,"column":2},"end":{"line":70,"column":3}},"type":"switch","locations":[{"start":{"line":22,"column":4},"end":{"line":23,"column":71}},{"start":{"line":24,"column":4},"end":{"line":25,"column":90}},{"start":{"line":26,"column":4},"end":{"line":27,"column":92}},{"start":{"line":28,"column":4},"end":{"line":29,"column":54}},{"start":{"line":30,"column":4},"end":{"line":31,"column":70}},{"start":{"line":32,"column":4},"end":{"line":33,"column":89}},{"start":{"line":34,"column":4},"end":{"line":35,"column":91}},{"start":{"line":36,"column":4},"end":{"line":37,"column":53}},{"start":{"line":38,"column":4},"end":{"line":39,"column":45}},{"start":{"line":40,"column":4},"end":{"line":41,"column":72}},{"start":{"line":42,"column":4},"end":{"line":43,"column":86}},{"start":{"line":44,"column":4},"end":{"line":45,"column":52}},{"start":{"line":46,"column":4},"end":{"line":51,"column":43}},{"start":{"line":52,"column":4},"end":{"line":53,"column":52}},{"start":{"line":54,"column":4},"end":{"line":55,"column":60}},{"start":{"line":56,"column":4},"end":{"line":59,"column":54}},{"start":{"line":60,"column":4},"end":{"line":61,"column":96}},{"start":{"line":62,"column":4},"end":{"line":63,"column":76}},{"start":{"line":64,"column":4},"end":{"line":65,"column":95}},{"start":{"line":66,"column":4},"end":{"line":67,"column":97}},{"start":{"line":68,"column":4},"end":{"line":69,"column":19}}],"line":21}},"s":{"0":2,"1":2,"2":2,"3":3,"4":0,"5":0,"6":0,"7":0,"8":0,"9":0,"10":0,"11":0,"12":0,"13":0,"14":0,"15":0,"16":0,"17":0,"18":0,"19":0,"20":0,"21":1,"22":1,"23":1,"24":0},"f":{"0":3},"b":{"0":[0],"1":[0,0,0,0,0,0,0,0,0,0,0,0,0,0,0,0,0,1,1,1,0]},"_coverageSchema":"1a1c01bbd47fc00a2c39e90264f33305004495a9","hash":"a9b7c34a158ac3c46eb216e3042ebef0f43bcdc7"}
,"/Users/keshavagarwal/Desktop/rewards-catalog-ui/app/components/pages/Cap/saga.js": {"path":"/Users/keshavagarwal/Desktop/rewards-catalog-ui/app/components/pages/Cap/saga.js","statementMap":{"0":{"start":{"line":10,"column":2},"end":{"line":10,"column":60}},"1":{"start":{"line":14,"column":2},"end":{"line":21,"column":3}},"2":{"start":{"line":15,"column":4},"end":{"line":18,"column":7}},"3":{"start":{"line":20,"column":4},"end":{"line":20,"column":74}},"4":{"start":{"line":25,"column":2},"end":{"line":33,"column":3}},"5":{"start":{"line":26,"column":16},"end":{"line":26,"column":51}},"6":{"start":{"line":27,"column":4},"end":{"line":30,"column":7}},"7":{"start":{"line":32,"column":4},"end":{"line":32,"column":74}},"8":{"start":{"line":37,"column":2},"end":{"line":44,"column":3}},"9":{"start":{"line":38,"column":4},"end":{"line":41,"column":7}},"10":{"start":{"line":43,"column":4},"end":{"line":43,"column":73}},"11":{"start":{"line":48,"column":2},"end":{"line":54,"column":3}},"12":{"start":{"line":49,"column":16},"end":{"line":49,"column":53}},"13":{"start":{"line":50,"column":4},"end":{"line":50,"column":80}},"14":{"start":{"line":50,"column":21},"end":{"line":50,"column":80}},"15":{"start":{"line":51,"column":4},"end":{"line":51,"column":43}},"16":{"start":{"line":51,"column":25},"end":{"line":51,"column":43}},"17":{"start":{"line":53,"column":4},"end":{"line":53,"column":63}},"18":{"start":{"line":58,"column":2},"end":{"line":103,"column":3}},"19":{"start":{"line":59,"column":19},"end":{"line":59,"column":46}},"20":{"start":{"line":60,"column":4},"end":{"line":97,"column":5}},"21":{"start":{"line":61,"column":66},"end":{"line":61,"column":86}},"22":{"start":{"line":62,"column":6},"end":{"line":69,"column":7}},"23":{"start":{"line":68,"column":8},"end":{"line":68,"column":61}},"24":{"start":{"line":70,"column":6},"end":{"line":78,"column":7}},"25":{"start":{"line":71,"column":8},"end":{"line":77,"column":10}},"26":{"start":{"line":80,"column":6},"end":{"line":80,"column":71}},"27":{"start":{"line":81,"column":6},"end":{"line":81,"column":66}},"28":{"start":{"line":83,"column":6},"end":{"line":88,"column":9}},"29":{"start":{"line":89,"column":6},"end":{"line":91,"column":7}},"30":{"start":{"line":90,"column":8},"end":{"line":90,"column":27}},"31":{"start":{"line":93,"column":6},"end":{"line":96,"column":9}},"32":{"start":{"line":99,"column":4},"end":{"line":102,"column":7}},"33":{"start":{"line":108,"column":38},"end":{"line":110,"column":1}},"34":{"start":{"line":109,"column":2},"end":{"line":109,"column":47}},"35":{"start":{"line":113,"column":2},"end":{"line":133,"column":3}},"36":{"start":{"line":114,"column":19},"end":{"line":114,"column":53}},"37":{"start":{"line":115,"column":4},"end":{"line":115,"column":28}},"38":{"start":{"line":117,"column":4},"end":{"line":127,"column":5}},"39":{"start":{"line":118,"column":6},"end":{"line":121,"column":9}},"40":{"start":{"line":123,"column":6},"end":{"line":126,"column":9}},"41":{"start":{"line":129,"column":4},"end":{"line":132,"column":7}},"42":{"start":{"line":137,"column":2},"end":{"line":137,"column":69}},"43":{"start":{"line":141,"column":2},"end":{"line":141,"column":82}},"44":{"start":{"line":145,"column":2},"end":{"line":145,"column":80}},"45":{"start":{"line":149,"column":2},"end":{"line":149,"column":62}},"46":{"start":{"line":153,"column":2},"end":{"line":153,"column":69}},"47":{"start":{"line":157,"column":2},"end":{"line":157,"column":83}},"48":{"start":{"line":161,"column":2},"end":{"line":161,"column":77}}},"fnMap":{"0":{"name":"switchOrgSuccess","decl":{"start":{"line":9,"column":10},"end":{"line":9,"column":26}},"loc":{"start":{"line":9,"column":38},"end":{"line":11,"column":1}},"line":9},"1":{"name":"getSidebarMenuData","decl":{"start":{"line":13,"column":17},"end":{"line":13,"column":35}},"loc":{"start":{"line":13,"column":38},"end":{"line":22,"column":1}},"line":13},"2":{"name":"getSupportedLocales","decl":{"start":{"line":24,"column":10},"end":{"line":24,"column":29}},"loc":{"start":{"line":24,"column":32},"end":{"line":34,"column":1}},"line":24},"3":{"name":"getTopbarMenuData","decl":{"start":{"line":36,"column":17},"end":{"line":36,"column":34}},"loc":{"start":{"line":36,"column":37},"end":{"line":45,"column":1}},"line":36},"4":{"name":"switchOrg","decl":{"start":{"line":47,"column":10},"end":{"line":47,"column":19}},"loc":{"start":{"line":47,"column":48},"end":{"line":55,"column":1}},"line":47},"5":{"name":"fetchUserInfo","decl":{"start":{"line":57,"column":17},"end":{"line":57,"column":30}},"loc":{"start":{"line":57,"column":45},"end":{"line":104,"column":1}},"line":57},"6":{"name":"(anonymous_6)","decl":{"start":{"line":108,"column":38},"end":{"line":108,"column":39}},"loc":{"start":{"line":108,"column":50},"end":{"line":110,"column":1}},"line":108},"7":{"name":"getOrganizationData","decl":{"start":{"line":112,"column":17},"end":{"line":112,"column":36}},"loc":{"start":{"line":112,"column":39},"end":{"line":134,"column":1}},"line":112},"8":{"name":"watchForFetchUserInfo","decl":{"start":{"line":136,"column":10},"end":{"line":136,"column":31}},"loc":{"start":{"line":136,"column":34},"end":{"line":138,"column":1}},"line":136},"9":{"name":"watchGetSidebarMenuData","decl":{"start":{"line":140,"column":17},"end":{"line":140,"column":40}},"loc":{"start":{"line":140,"column":43},"end":{"line":142,"column":1}},"line":140},"10":{"name":"watchGetTopbarMenuData","decl":{"start":{"line":144,"column":17},"end":{"line":144,"column":39}},"loc":{"start":{"line":144,"column":42},"end":{"line":146,"column":1}},"line":144},"11":{"name":"watchForOrgChange","decl":{"start":{"line":148,"column":10},"end":{"line":148,"column":27}},"loc":{"start":{"line":148,"column":30},"end":{"line":150,"column":1}},"line":148},"12":{"name":"watchForOrgChangeSuccess","decl":{"start":{"line":152,"column":10},"end":{"line":152,"column":34}},"loc":{"start":{"line":152,"column":37},"end":{"line":154,"column":1}},"line":152},"13":{"name":"watchForGetSupportedLocales","decl":{"start":{"line":156,"column":10},"end":{"line":156,"column":37}},"loc":{"start":{"line":156,"column":40},"end":{"line":158,"column":1}},"line":156},"14":{"name":"watchForGetOrganizationData","decl":{"start":{"line":160,"column":17},"end":{"line":160,"column":44}},"loc":{"start":{"line":160,"column":47},"end":{"line":162,"column":1}},"line":160}},"branchMap":{"0":{"loc":{"start":{"line":50,"column":4},"end":{"line":50,"column":80}},"type":"if","locations":[{"start":{"line":50,"column":4},"end":{"line":50,"column":80}},{"start":{},"end":{}}],"line":50},"1":{"loc":{"start":{"line":51,"column":4},"end":{"line":51,"column":43}},"type":"if","locations":[{"start":{"line":51,"column":4},"end":{"line":51,"column":43}},{"start":{},"end":{}}],"line":51},"2":{"loc":{"start":{"line":60,"column":4},"end":{"line":97,"column":5}},"type":"if","locations":[{"start":{"line":60,"column":4},"end":{"line":97,"column":5}},{"start":{"line":92,"column":11},"end":{"line":97,"column":5}}],"line":60},"3":{"loc":{"start":{"line":61,"column":66},"end":{"line":61,"column":86}},"type":"binary-expr","locations":[{"start":{"line":61,"column":66},"end":{"line":61,"column":80}},{"start":{"line":61,"column":84},"end":{"line":61,"column":86}}],"line":61},"4":{"loc":{"start":{"line":62,"column":6},"end":{"line":69,"column":7}},"type":"if","locations":[{"start":{"line":62,"column":6},"end":{"line":69,"column":7}},{"start":{},"end":{}}],"line":62},"5":{"loc":{"start":{"line":64,"column":10},"end":{"line":65,"column":66}},"type":"binary-expr","locations":[{"start":{"line":64,"column":10},"end":{"line":64,"column":64}},{"start":{"line":65,"column":10},"end":{"line":65,"column":66}}],"line":64},"6":{"loc":{"start":{"line":70,"column":6},"end":{"line":78,"column":7}},"type":"if","locations":[{"start":{"line":70,"column":6},"end":{"line":78,"column":7}},{"start":{},"end":{}}],"line":70},"7":{"loc":{"start":{"line":89,"column":6},"end":{"line":91,"column":7}},"type":"if","locations":[{"start":{"line":89,"column":6},"end":{"line":91,"column":7}},{"start":{},"end":{}}],"line":89},"8":{"loc":{"start":{"line":117,"column":4},"end":{"line":127,"column":5}},"type":"if","locations":[{"start":{"line":117,"column":4},"end":{"line":127,"column":5}},{"start":{"line":122,"column":11},"end":{"line":127,"column":5}}],"line":117}},"s":{"0":0,"1":0,"2":0,"3":0,"4":0,"5":0,"6":0,"7":0,"8":0,"9":0,"10":0,"11":0,"12":0,"13":0,"14":0,"15":0,"16":0,"17":0,"18":0,"19":0,"20":0,"21":0,"22":0,"23":0,"24":0,"25":0,"26":0,"27":0,"28":0,"29":0,"30":0,"31":0,"32":0,"33":2,"34":1,"35":3,"36":3,"37":2,"38":2,"39":1,"40":1,"41":1,"42":0,"43":0,"44":0,"45":0,"46":0,"47":0,"48":1},"f":{"0":0,"1":0,"2":0,"3":0,"4":0,"5":0,"6":1,"7":3,"8":0,"9":0,"10":0,"11":0,"12":0,"13":0,"14":1},"b":{"0":[0,0],"1":[0,0],"2":[0,0],"3":[0,0],"4":[0,0],"5":[0,0],"6":[0,0],"7":[0,0],"8":[1,1]},"_coverageSchema":"1a1c01bbd47fc00a2c39e90264f33305004495a9","hash":"b41c8c8898c577738ce4f2b9fa1bcc4b11e46b3d"}
,"/Users/keshavagarwal/Desktop/rewards-catalog-ui/app/components/pages/Cap/selectors.js": {"path":"/Users/keshavagarwal/Desktop/rewards-catalog-ui/app/components/pages/Cap/selectors.js","statementMap":{"0":{"start":{"line":7,"column":20},"end":{"line":7,"column":32}},"1":{"start":{"line":12,"column":24},"end":{"line":12,"column":84}},"2":{"start":{"line":12,"column":48},"end":{"line":12,"column":84}},"3":{"start":{"line":22,"column":25},"end":{"line":23,"column":77}},"4":{"start":{"line":23,"column":2},"end":{"line":23,"column":77}},"5":{"start":{"line":23,"column":61},"end":{"line":23,"column":76}},"6":{"start":{"line":25,"column":22},"end":{"line":29,"column":5}},"7":{"start":{"line":26,"column":2},"end":{"line":29,"column":5}},"8":{"start":{"line":26,"column":62},"end":{"line":29,"column":3}},"9":{"start":{"line":31,"column":22},"end":{"line":38,"column":4}},"10":{"start":{"line":32,"column":2},"end":{"line":38,"column":4}},"11":{"start":{"line":33,"column":17},"end":{"line":33,"column":45}},"12":{"start":{"line":34,"column":4},"end":{"line":37,"column":6}},"13":{"start":{"line":40,"column":23},"end":{"line":41,"column":90}},"14":{"start":{"line":41,"column":2},"end":{"line":41,"column":90}},"15":{"start":{"line":41,"column":61},"end":{"line":41,"column":89}},"16":{"start":{"line":43,"column":34},"end":{"line":51,"column":4}},"17":{"start":{"line":44,"column":2},"end":{"line":51,"column":4}},"18":{"start":{"line":45,"column":28},"end":{"line":45,"column":67}},"19":{"start":{"line":46,"column":25},"end":{"line":46,"column":27}},"20":{"start":{"line":47,"column":4},"end":{"line":49,"column":5}},"21":{"start":{"line":48,"column":6},"end":{"line":48,"column":44}},"22":{"start":{"line":50,"column":4},"end":{"line":50,"column":26}},"23":{"start":{"line":53,"column":33},"end":{"line":61,"column":4}},"24":{"start":{"line":54,"column":2},"end":{"line":61,"column":4}},"25":{"start":{"line":55,"column":27},"end":{"line":55,"column":65}},"26":{"start":{"line":56,"column":25},"end":{"line":56,"column":27}},"27":{"start":{"line":57,"column":4},"end":{"line":59,"column":5}},"28":{"start":{"line":58,"column":6},"end":{"line":58,"column":43}},"29":{"start":{"line":60,"column":4},"end":{"line":60,"column":26}},"30":{"start":{"line":63,"column":45},"end":{"line":75,"column":4}},"31":{"start":{"line":64,"column":2},"end":{"line":75,"column":4}},"32":{"start":{"line":65,"column":29},"end":{"line":65,"column":69}},"33":{"start":{"line":66,"column":34},"end":{"line":66,"column":43}},"34":{"start":{"line":68,"column":4},"end":{"line":72,"column":5}},"35":{"start":{"line":69,"column":6},"end":{"line":71,"column":9}},"36":{"start":{"line":70,"column":8},"end":{"line":70,"column":57}},"37":{"start":{"line":74,"column":4},"end":{"line":74,"column":33}},"38":{"start":{"line":77,"column":41},"end":{"line":81,"column":6}},"39":{"start":{"line":78,"column":4},"end":{"line":81,"column":6}},"40":{"start":{"line":79,"column":35},"end":{"line":79,"column":79}},"41":{"start":{"line":80,"column":6},"end":{"line":80,"column":66}}},"fnMap":{"0":{"name":"(anonymous_0)","decl":{"start":{"line":12,"column":24},"end":{"line":12,"column":25}},"loc":{"start":{"line":12,"column":48},"end":{"line":12,"column":84}},"line":12},"1":{"name":"(anonymous_1)","decl":{"start":{"line":22,"column":25},"end":{"line":22,"column":26}},"loc":{"start":{"line":23,"column":2},"end":{"line":23,"column":77}},"line":23},"2":{"name":"(anonymous_2)","decl":{"start":{"line":23,"column":34},"end":{"line":23,"column":35}},"loc":{"start":{"line":23,"column":61},"end":{"line":23,"column":76}},"line":23},"3":{"name":"(anonymous_3)","decl":{"start":{"line":25,"column":22},"end":{"line":25,"column":23}},"loc":{"start":{"line":26,"column":2},"end":{"line":29,"column":5}},"line":26},"4":{"name":"(anonymous_4)","decl":{"start":{"line":26,"column":34},"end":{"line":26,"column":35}},"loc":{"start":{"line":26,"column":62},"end":{"line":29,"column":3}},"line":26},"5":{"name":"(anonymous_5)","decl":{"start":{"line":31,"column":22},"end":{"line":31,"column":23}},"loc":{"start":{"line":32,"column":2},"end":{"line":38,"column":4}},"line":32},"6":{"name":"(anonymous_6)","decl":{"start":{"line":32,"column":34},"end":{"line":32,"column":35}},"loc":{"start":{"line":32,"column":61},"end":{"line":38,"column":3}},"line":32},"7":{"name":"(anonymous_7)","decl":{"start":{"line":40,"column":23},"end":{"line":40,"column":24}},"loc":{"start":{"line":41,"column":2},"end":{"line":41,"column":90}},"line":41},"8":{"name":"(anonymous_8)","decl":{"start":{"line":41,"column":34},"end":{"line":41,"column":35}},"loc":{"start":{"line":41,"column":61},"end":{"line":41,"column":89}},"line":41},"9":{"name":"(anonymous_9)","decl":{"start":{"line":43,"column":34},"end":{"line":43,"column":35}},"loc":{"start":{"line":44,"column":2},"end":{"line":51,"column":4}},"line":44},"10":{"name":"(anonymous_10)","decl":{"start":{"line":44,"column":34},"end":{"line":44,"column":35}},"loc":{"start":{"line":44,"column":61},"end":{"line":51,"column":3}},"line":44},"11":{"name":"(anonymous_11)","decl":{"start":{"line":53,"column":33},"end":{"line":53,"column":34}},"loc":{"start":{"line":54,"column":2},"end":{"line":61,"column":4}},"line":54},"12":{"name":"(anonymous_12)","decl":{"start":{"line":54,"column":34},"end":{"line":54,"column":35}},"loc":{"start":{"line":54,"column":61},"end":{"line":61,"column":3}},"line":54},"13":{"name":"(anonymous_13)","decl":{"start":{"line":63,"column":45},"end":{"line":63,"column":46}},"loc":{"start":{"line":64,"column":2},"end":{"line":75,"column":4}},"line":64},"14":{"name":"(anonymous_14)","decl":{"start":{"line":64,"column":34},"end":{"line":64,"column":35}},"loc":{"start":{"line":64,"column":61},"end":{"line":75,"column":3}},"line":64},"15":{"name":"(anonymous_15)","decl":{"start":{"line":69,"column":31},"end":{"line":69,"column":32}},"loc":{"start":{"line":69,"column":62},"end":{"line":71,"column":7}},"line":69},"16":{"name":"(anonymous_16)","decl":{"start":{"line":77,"column":41},"end":{"line":77,"column":42}},"loc":{"start":{"line":78,"column":4},"end":{"line":81,"column":6}},"line":78},"17":{"name":"(anonymous_17)","decl":{"start":{"line":78,"column":36},"end":{"line":78,"column":37}},"loc":{"start":{"line":78,"column":63},"end":{"line":81,"column":5}},"line":78}},"branchMap":{"0":{"loc":{"start":{"line":12,"column":25},"end":{"line":12,"column":43}},"type":"default-arg","locations":[{"start":{"line":12,"column":33},"end":{"line":12,"column":43}}],"line":12},"1":{"loc":{"start":{"line":23,"column":35},"end":{"line":23,"column":56}},"type":"default-arg","locations":[{"start":{"line":23,"column":46},"end":{"line":23,"column":56}}],"line":23},"2":{"loc":{"start":{"line":26,"column":35},"end":{"line":26,"column":56}},"type":"default-arg","locations":[{"start":{"line":26,"column":46},"end":{"line":26,"column":56}}],"line":26},"3":{"loc":{"start":{"line":32,"column":35},"end":{"line":32,"column":56}},"type":"default-arg","locations":[{"start":{"line":32,"column":46},"end":{"line":32,"column":56}}],"line":32},"4":{"loc":{"start":{"line":35,"column":12},"end":{"line":35,"column":34}},"type":"binary-expr","locations":[{"start":{"line":35,"column":12},"end":{"line":35,"column":26}},{"start":{"line":35,"column":30},"end":{"line":35,"column":34}}],"line":35},"5":{"loc":{"start":{"line":41,"column":35},"end":{"line":41,"column":56}},"type":"default-arg","locations":[{"start":{"line":41,"column":46},"end":{"line":41,"column":56}}],"line":41},"6":{"loc":{"start":{"line":44,"column":35},"end":{"line":44,"column":56}},"type":"default-arg","locations":[{"start":{"line":44,"column":46},"end":{"line":44,"column":56}}],"line":44},"7":{"loc":{"start":{"line":47,"column":4},"end":{"line":49,"column":5}},"type":"if","locations":[{"start":{"line":47,"column":4},"end":{"line":49,"column":5}},{"start":{},"end":{}}],"line":47},"8":{"loc":{"start":{"line":47,"column":8},"end":{"line":47,"column":68}},"type":"binary-expr","locations":[{"start":{"line":47,"column":8},"end":{"line":47,"column":43}},{"start":{"line":47,"column":47},"end":{"line":47,"column":68}}],"line":47},"9":{"loc":{"start":{"line":54,"column":35},"end":{"line":54,"column":56}},"type":"default-arg","locations":[{"start":{"line":54,"column":46},"end":{"line":54,"column":56}}],"line":54},"10":{"loc":{"start":{"line":57,"column":4},"end":{"line":59,"column":5}},"type":"if","locations":[{"start":{"line":57,"column":4},"end":{"line":59,"column":5}},{"start":{},"end":{}}],"line":57},"11":{"loc":{"start":{"line":57,"column":8},"end":{"line":57,"column":66}},"type":"binary-expr","locations":[{"start":{"line":57,"column":8},"end":{"line":57,"column":42}},{"start":{"line":57,"column":46},"end":{"line":57,"column":66}}],"line":57},"12":{"loc":{"start":{"line":64,"column":35},"end":{"line":64,"column":56}},"type":"default-arg","locations":[{"start":{"line":64,"column":46},"end":{"line":64,"column":56}}],"line":64},"13":{"loc":{"start":{"line":68,"column":4},"end":{"line":72,"column":5}},"type":"if","locations":[{"start":{"line":68,"column":4},"end":{"line":72,"column":5}},{"start":{},"end":{}}],"line":68},"14":{"loc":{"start":{"line":78,"column":37},"end":{"lin
[...]
:{"line":60,"column":4}},"line":56},"12":{"name":"(anonymous_12)","decl":{"start":{"line":56,"column":49},"end":{"line":56,"column":50}},"loc":{"start":{"line":56,"column":76},"end":{"line":60,"column":3}},"line":56}},"branchMap":{"0":{"loc":{"start":{"line":7,"column":40},"end":{"line":7,"column":58}},"type":"default-arg","locations":[{"start":{"line":7,"column":48},"end":{"line":7,"column":58}}],"line":7},"1":{"loc":{"start":{"line":11,"column":50},"end":{"line":11,"column":71}},"type":"default-arg","locations":[{"start":{"line":11,"column":61},"end":{"line":11,"column":71}}],"line":11},"2":{"loc":{"start":{"line":17,"column":50},"end":{"line":17,"column":71}},"type":"default-arg","locations":[{"start":{"line":17,"column":61},"end":{"line":17,"column":71}}],"line":17},"3":{"loc":{"start":{"line":30,"column":50},"end":{"line":30,"column":71}},"type":"default-arg","locations":[{"start":{"line":30,"column":61},"end":{"line":30,"column":71}}],"line":30},"4":{"loc":{"start":{"line":37,"column":50},"end":{"line":37,"column":71}},"type":"default-arg","locations":[{"start":{"line":37,"column":61},"end":{"line":37,"column":71}}],"line":37},"5":{"loc":{"start":{"line":50,"column":50},"end":{"line":50,"column":71}},"type":"default-arg","locations":[{"start":{"line":50,"column":61},"end":{"line":50,"column":71}}],"line":50},"6":{"loc":{"start":{"line":56,"column":50},"end":{"line":56,"column":71}},"type":"default-arg","locations":[{"start":{"line":56,"column":61},"end":{"line":56,"column":71}}],"line":56}},"s":{"0":1,"1":270,"2":1,"3":4,"4":45,"5":45,"6":1,"7":1,"8":15,"9":15,"10":15,"11":15,"12":1,"13":1,"14":15,"15":15,"16":1,"17":2,"18":15,"19":15,"20":15,"21":15,"22":1,"23":2,"24":30,"25":30,"26":1,"27":2,"28":15,"29":15,"30":15},"f":{"0":270,"1":4,"2":45,"3":1,"4":15,"5":1,"6":15,"7":2,"8":15,"9":2,"10":30,"11":2,"12":15},"b":{"0":[0],"1":[0],"2":[0],"3":[0],"4":[0],"5":[0],"6":[0]},"_coverageSchema":"1a1c01bbd47fc00a2c39e90264f33305004495a9","hash":"7229e83c512fe6d0780824ca038468cf022cfab0"}
,"/Users/keshavagarwal/Desktop/rewards-catalog-ui/app/components/pages/GroupsAndRankingSettings/styles.js": {"path":"/Users/keshavagarwal/Desktop/rewards-catalog-ui/app/components/pages/GroupsAndRankingSettings/styles.js","statementMap":{},"fnMap":{},"branchMap":{},"s":{},"f":{},"b":{},"_coverageSchema":"1a1c01bbd47fc00a2c39e90264f33305004495a9","hash":"067d49b8bc516164fd6d2662aebcc6333cb129a7"}
,"/Users/keshavagarwal/Desktop/rewards-catalog-ui/app/components/pages/GroupsAndRankingSettings/utils.js": {"path":"/Users/keshavagarwal/Desktop/rewards-catalog-ui/app/components/pages/GroupsAndRankingSettings/utils.js","statementMap":{"0":{"start":{"line":4,"column":43},"end":{"line":18,"column":1}},"1":{"start":{"line":5,"column":2},"end":{"line":5,"column":38}},"2":{"start":{"line":5,"column":28},"end":{"line":5,"column":38}},"3":{"start":{"line":7,"column":2},"end":{"line":17,"column":6}},"4":{"start":{"line":9,"column":25},"end":{"line":9,"column":32}},"5":{"start":{"line":10,"column":28},"end":{"line":12,"column":14}},"6":{"start":{"line":13,"column":6},"end":{"line":13,"column":27}},"7":{"start":{"line":16,"column":6},"end":{"line":16,"column":98}},"8":{"start":{"line":20,"column":51},"end":{"line":26,"column":1}},"9":{"start":{"line":25,"column":2},"end":{"line":25,"column":69}},"10":{"start":{"line":28,"column":47},"end":{"line":38,"column":2}},"11":{"start":{"line":32,"column":7},"end":{"line":38,"column":1}}},"fnMap":{"0":{"name":"(anonymous_0)","decl":{"start":{"line":4,"column":43},"end":{"line":4,"column":44}},"loc":{"start":{"line":4,"column":87},"end":{"line":18,"column":1}},"line":4},"1":{"name":"(anonymous_1)","decl":{"start":{"line":8,"column":12},"end":{"line":8,"column":13}},"loc":{"start":{"line":8,"column":30},"end":{"line":14,"column":5}},"line":8},"2":{"name":"(anonymous_2)","decl":{"start":{"line":15,"column":10},"end":{"line":15,"column":11}},"loc":{"start":{"line":16,"column":6},"end":{"line":16,"column":98}},"line":16},"3":{"name":"(anonymous_3)","decl":{"start":{"line":20,"column":51},"end":{"line":20,"column":52}},"loc":{"start":{"line":24,"column":5},"end":{"line":26,"column":1}},"line":24},"4":{"name":"(anonymous_4)","decl":{"start":{"line":28,"column":47},"end":{"line":28,"column":48}},"loc":{"start":{"line":32,"column":7},"end":{"line":38,"column":1}},"line":32}},"branchMap":{"0":{"loc":{"start":{"line":4,"column":44},"end":{"line":4,"column":68}},"type":"default-arg","locations":[{"start":{"line":4,"column":66},"end":{"line":4,"column":68}}],"line":4},"1":{"loc":{"start":{"line":4,"column":70},"end":{"line":4,"column":82}},"type":"default-arg","locations":[{"start":{"line":4,"column":80},"end":{"line":4,"column":82}}],"line":4},"2":{"loc":{"start":{"line":5,"column":2},"end":{"line":5,"column":38}},"type":"if","locations":[{"start":{"line":5,"column":2},"end":{"line":5,"column":38}},{"start":{},"end":{}}],"line":5},"3":{"loc":{"start":{"line":10,"column":28},"end":{"line":12,"column":14}},"type":"cond-expr","locations":[{"start":{"line":11,"column":10},"end":{"line":11,"column":75}},{"start":{"line":12,"column":10},"end":{"line":12,"column":14}}],"line":10},"4":{"loc":{"start":{"line":16,"column":6},"end":{"line":16,"column":98}},"type":"cond-expr","locations":[{"start":{"line":16,"column":23},"end":{"line":16,"column":94}},{"start":{"line":16,"column":97},"end":{"line":16,"column":98}}],"line":16},"5":{"loc":{"start":{"line":25,"column":10},"end":{"line":25,"column":67}},"type":"binary-expr","locations":[{"start":{"line":25,"column":10},"end":{"line":25,"column":20}},{"start":{"line":25,"column":24},"end":{"line":25,"column":43}},{"start":{"line":25,"column":47},"end":{"line":25,"column":67}}],"line":25},"6":{"loc":{"start":{"line":35,"column":6},"end":{"line":37,"column":3}},"type":"binary-expr","locations":[{"start":{"line":35,"column":6},"end":{"line":35,"column":10}},{"start":{"line":35,"column":14},"end":{"line":37,"column":3}}],"line":35}},"s":{"0":1,"1":0,"2":0,"3":0,"4":0,"5":0,"6":0,"7":0,"8":1,"9":0,"10":1,"11":0},"f":{"0":0,"1":0,"2":0,"3":0,"4":0},"b":{"0":[0],"1":[0],"2":[0,0],"3":[0,0],"4":[0,0],"5":[0,0,0],"6":[0,0]},"_coverageSchema":"1a1c01bbd47fc00a2c39e90264f33305004495a9","hash":"aade1fc19407e656028b601bdc13406ad4d321e5"}
,"/Users/keshavagarwal/Desktop/rewards-catalog-ui/app/components/pages/ListRewards/ListRewards.js": {"path":"/Users/keshavagarwal/Desktop/rewards-catalog-ui/app/components/pages/ListRewards/ListRewards.js","statementMap":{"0":{"start":{"line":9,"column":27},"end":{"line":17,"column":1}},"1":{"start":{"line":10,"column":2},"end":{"line":16,"column":4}},"2":{"start":{"line":19,"column":0},"end":{"line":21,"column":2}},"3":{"start":{"line":23,"column":0},"end":{"line":25,"column":2}}},"fnMap":{"0":{"name":"(anonymous_0)","decl":{"start":{"line":9,"column":27},"end":{"line":9,"column":28}},"loc":{"start":{"line":9,"column":46},"end":{"line":17,"column":1}},"line":9}},"branchMap":{},"s":{"0":3,"1":4,"2":3,"3":3},"f":{"0":4},"b":{},"_coverageSchema":"1a1c01bbd47fc00a2c39e90264f33305004495a9","hash":"f9c6a859b50d402ba807e5a9d361d85a514d3d3b"}
,"/Users/keshavagarwal/Desktop/rewards-catalog-ui/app/components/pages/ListRewards/styles.js": {"path":"/Users/keshavagarwal/Desktop/rewards-catalog-ui/app/components/pages/ListRewards/styles.js","statementMap":{},"fnMap":{},"branchMap":{},"s":{},"f":{},"b":{},"_coverageSchema":"1a1c01bbd47fc00a2c39e90264f33305004495a9","hash":"7cc5347c0f872b52619dda5c6fab53d93ce1ca5e"}
,"/Users/keshavagarwal/Desktop/rewards-catalog-ui/app/components/pages/Login/Login.js": {"path":"/Users/keshavagarwal/Desktop/rewards-catalog-ui/app/components/pages/Login/Login.js","statementMap":{"0":{"start":{"line":17,"column":14},"end":{"line":53,"column":1}},"1":{"start":{"line":18,"column":61},"end":{"line":18,"column":66}},"2":{"start":{"line":19,"column":41},"end":{"line":19,"column":48}},"3":{"start":{"line":20,"column":20},"end":{"line":23,"column":3}},"4":{"start":{"line":21,"column":4},"end":{"line":21,"column":27}},"5":{"start":{"line":22,"column":4},"end":{"line":22,"column":22}},"6":{"start":{"line":24,"column":20},"end":{"line":26,"column":3}},"7":{"start":{"line":25,"column":4},"end":{"line":25,"column":22}},"8":{"start":{"line":28,"column":2},"end":{"line":52,"column":4}},"9":{"start":{"line":32,"column":10},"end":{"line":40,"column":12}},"10":{"start":{"line":55,"column":0},"end":{"line":59,"column":2}},"11":{"start":{"line":61,"column":0},"end":{"line":64,"column":2}},"12":{"start":{"line":66,"column":27},"end":{"line":68,"column":2}},"13":{"start":{"line":66,"column":42},"end":{"line":68,"column":1}},"14":{"start":{"line":70,"column":20},"end":{"line":70,"column":53}}},"fnMap":{"0":{"name":"(anonymous_0)","decl":{"start":{"line":17,"column":14},"end":{"line":17,"column":15}},"loc":{"start":{"line":17,"column":25},"end":{"line":53,"column":1}},"line":17},"1":{"name":"(anonymous_1)","decl":{"start":{"line":20,"column":20},"end":{"line":20,"column":21}},"loc":{"start":{"line":20,"column":34},"end":{"line":23,"column":3}},"line":20},"2":{"name":"(anonymous_2)","decl":{"start":{"line":24,"column":20},"end":{"line":24,"column":21}},"loc":{"start":{"line":24,"column":29},"end":{"line":26,"column":3}},"line":24},"3":{"name":"(anonymous_3)","decl":{"start":{"line":31,"column":9},"end":{"line":31,"column":10}},"loc":{"start":{"line":32,"column":10},"end":{"line":40,"column":12}},"line":32},"4":{"name":"(anonymous_4)","decl":{"start":{"line":66,"column":27},"end":{"line":66,"column":28}},"loc":{"start":{"line":66,"column":42},"end":{"line":68,"column":1}},"line":66}},"branchMap":{"0":{"loc":{"start":{"line":18,"column":25},"end":{"line":18,"column":47}},"type":"default-arg","locations":[{"start":{"line":18,"column":45},"end":{"line":18,"column":47}}],"line":18}},"s":{"0":0,"1":0,"2":0,"3":0,"4":0,"5":0,"6":0,"7":0,"8":0,"9":0,"10":0,"11":0,"12":0,"13":0,"14":0},"f":{"0":0,"1":0,"2":0,"3":0,"4":0},"b":{"0":[0]}}
,"/Users/keshavagarwal/Desktop/rewards-catalog-ui/app/components/pages/Login/reducer.js": {"path":"/Users/keshavagarwal/Desktop/rewards-catalog-ui/app/components/pages/Login/reducer.js","statementMap":{"0":{"start":{"line":7,"column":38},"end":{"line":7,"column":47}},"1":{"start":{"line":9,"column":21},"end":{"line":35,"column":1}},"2":{"start":{"line":10,"column":2},"end":{"line":34,"column":3}},"3":{"start":{"line":12,"column":6},"end":{"line":16,"column":45}},"4":{"start":{"line":19,"column":6},"end":{"line":25,"column":8}},"5":{"start":{"line":27,"column":6},"end":{"line":27,"column":48}},"6":{"start":{"line":29,"column":6},"end":{"line":29,"column":48}},"7":{"start":{"line":31,"column":6},"end":{"line":31,"column":89}},"8":{"start":{"line":33,"column":6},"end":{"line":33,"column":19}}},"fnMap":{"0":{"name":"(anonymous_0)","decl":{"start":{"line":9,"column":21},"end":{"line":9,"column":22}},"loc":{"start":{"line":9,"column":53},"end":{"line":35,"column":1}},"line":9}},"branchMap":{"0":{"loc":{"start":{"line":9,"column":22},"end":{"line":9,"column":40}},"type":"default-arg","locations":[{"start":{"line":9,"column":30},"end":{"line":9,"column":40}}],"line":9},"1":{"loc":{"start":{"line":10,"column":2},"end":{"line":34,"column":3}},"type":"switch","locations":[{"start":{"line":11,"column":4},"end":{"line":16,"column":45}},{"start":{"line":18,"column":4},"end":{"line":25,"column":8}},{"start":{"line":26,"column":4},"end":{"line":27,"column":48}},{"start":{"line":28,"column":4},"end":{"line":29,"column":48}},{"start":{"line":30,"column":4},"end":{"line":31,"column":89}},{"start":{"line":32,"column":4},"end":{"line":33,"column":19}}],"line":10}},"s":{"0":2,"1":2,"2":62,"3":0,"4":0,"5":0,"6":0,"7":0,"8":62},"f":{"0":62},"b":{"0":[6],"1":[0,0,0,0,0,62]},"_coverageSchema":"1a1c01bbd47fc00a2c39e90264f33305004495a9","hash":"b3f7e6331814b6b59cbc4a162342f003d7c7baa3"}
,"/Users/keshavagarwal/Desktop/rewards-catalog-ui/app/components/pages/Login/saga.js": {"path":"/Users/keshavagarwal/Desktop/rewards-catalog-ui/app/components/pages/Login/saga.js","statementMap":{"0":{"start":{"line":10,"column":2},"end":{"line":18,"column":3}},"1":{"start":{"line":11,"column":25},"end":{"line":11,"column":47}},"2":{"start":{"line":12,"column":4},"end":{"line":15,"column":5}},"3":{"start":{"line":13,"column":6},"end":{"line":13,"column":56}},"4":{"start":{"line":14,"column":6},"end":{"line":14,"column":31}},"5":{"start":{"line":17,"column":4},"end":{"line":17,"column":59}},"6":{"start":{"line":22,"column":2},"end":{"line":22,"column":32}},"7":{"start":{"line":26,"column":2},"end":{"line":26,"column":31}},"8":{"start":{"line":30,"column":2},"end":{"line":30,"column":59}},"9":{"start":{"line":34,"column":2},"end":{"line":34,"column":60}},"10":{"start":{"line":38,"column":2},"end":{"line":38,"column":62}}},"fnMap":{"0":{"name":"logoutFlow","decl":{"start":{"line":9,"column":10},"end":{"line":9,"column":20}},"loc":{"start":{"line":9,"column":34},"end":{"line":19,"column":1}},"line":9},"1":{"name":"loginSuccess","decl":{"start":{"line":21,"column":10},"end":{"line":21,"column":22}},"loc":{"start":{"line":21,"column":32},"end":{"line":23,"column":1}},"line":21},"2":{"name":"logoutSuccess","decl":{"start":{"line":25,"column":10},"end":{"line":25,"column":23}},"loc":{"start":{"line":25,"column":26},"end":{"line":27,"column":1}},"line":25},"3":{"name":"watchForLogoutFlow","decl":{"start":{"line":29,"column":10},"end":{"line":29,"column":28}},"loc":{"start":{"line":29,"column":31},"end":{"line":31,"column":1}},"line":29},"4":{"name":"watchForLoginSuccess","decl":{"start":{"line":33,"column":10},"end":{"line":33,"column":30}},"loc":{"start":{"line":33,"column":33},"end":{"line":35,"column":1}},"line":33},"5":{"name":"watchForLogoutSuccess","decl":{"start":{"line":37,"column":10},"end":{"line":37,"column":31}},"loc":{"start":{"line":37,"column":34},"end":{"line":39,"column":1}},"line":37}},"branchMap":{"0":{"loc":{"start":{"line":12,"column":4},"end":{"line":15,"column":5}},"type":"if","locations":[{"start":{"line":12,"column":4},"end":{"line":15,"column":5}},{"start":{},"end":{}}],"line":12},"1":{"loc":{"start":{"line":12,"column":8},"end":{"line":12,"column":61}},"type":"binary-expr","locations":[{"start":{"line":12,"column":8},"end":{"line":12,"column":28}},{"start":{"line":12,"column":32},"end":{"line":12,"column":61}}],"line":12}},"s":{"0":0,"1":0,"2":0,"3":0,"4":0,"5":0,"6":0,"7":0,"8":0,"9":0,"10":0},"f":{"0":0,"1":0,"2":0,"3":0,"4":0,"5":0},"b":{"0":[0,0],"1":[0,0]}}
,"/Users/keshavagarwal/Desktop/rewards-catalog-ui/app/components/pages/RewardsCatalogSettings/RewardsCatalogSettings.js": {"path":"/Users/keshavagarwal/Desktop/rewards-catalog-ui/app/components/pages/RewardsCatalogSettings/RewardsCatalogSettings.js","statementMap":{"0":{"start":{"line":17,"column":38},"end":{"line":44,"column":1}},"1":{"start":{"line":18,"column":2},"end":{"line":24,"column":9}},"2":{"start":{"line":19,"column":4},"end":{"line":19,"column":36}},"3":{"start":{"line":20,"column":4},"end":{"line":20,"column":100}},"4":{"start":{"line":20,"column":53},"end":{"line":20,"column":100}},"5":{"start":{"line":21,"column":4},"end":{"line":23,"column":6}},"6":{"start":{"line":22,"column":6},"end":{"line":22,"column":40}},"7":{"start":{"line":26,"column":17},"end":{"line":37,"column":3}},"8":{"start":{"line":28,"column":6},"end":{"line":35,"column":8}},"9":{"start":{"line":29,"column":8},"end":{"line":34,"column":10}},"10":{"start":{"line":32,"column":24},"end":{"line":32,"column":67}},"11":{"start":{"line":39,"column":2},"end":{"line":43,"column":4}},"12":{"start":{"line":46,"column":0},"end":{"line":50,"column":2}},"13":{"start":{"line":52,"column":0},"end":{"line":54,"column":2}},"14":{"start":{"line":57,"column":2},"end":{"line":59,"column":4}},"15":{"start":{"line":62,"column":20},"end":{"line":62,"column":53}}},"fnMap":{"0":{"name":"(anonymous_0)","decl":{"start":{"line":17,"column":38},"end":{"line":17,"column":39}},"loc":{"start":{"line":17,"column":74},"end":{"line":44,"column":1}},"line":17},"1":{"name":"(anonymous_1)","decl":{"start":{"line":18,"column":12},"end":{"line":18,"column":13}},"loc":{"start":{"line":18,"column":18},"end":{"line":24,"column":3}},"line":18},"2":{"name":"(anonymous_2)","decl":{"start":{"line":21,"column":11},"end":{"line":21,"column":12}},"loc":{"start":{"line":21,"column":17},"end":{"line":23,"column":5}},"line":21},"3":{"name":"(anonymous_3)","decl":{"start":{"line":27,"column":4},"end":{"line":27,"column":5}},"loc":{"start":{"line":28,"column":6},"end":{"line":35,"column":8}},"line":28},"4":{"name":"(anonymous_4)","decl":{"start":{"line":28,"column":26},"end":{"line":28,"column":27}},"loc":{"start":{"line":29,"column":8},"end":{"line":34,"column":10}},"line":29},"5":{"name":"(anonymous_5)","decl":{"start":{"line":32,"column":18},"end":{"line":32,"column":19}},"loc":{"start":{"line":32,"column":24},"end":{"line":32,"column":67}},"line":32},"6":{"name":"mapDispatchToProps","decl":{"start":{"line":56,"column":16},"end":{"line":56,"column":34}},"loc":{"start":{"line":56,"column":45},"end":{"line":60,"column":1}},"line":56}},"branchMap":{"0":{"loc":{"start":{"line":20,"column":4},"end":{"line":20,"column":100}},"type":"if","locations":[{"start":{"line":20,"column":4},"end":{"line":20,"column":100}},{"start":{},"end":{}}],"line":20}},"s":{"0":2,"1":5,"2":5,"3":5,"4":1,"5":5,"6":5,"7":5,"8":5,"9":25,"10":25,"11":5,"12":2,"13":2,"14":1,"15":2},"f":{"0":5,"1":5,"2":5,"3":5,"4":25,"5":25,"6":1},"b":{"0":[1,4]},"_coverageSchema":"1a1c01bbd47fc00a2c39e90264f33305004495a9","hash":"746624b675fd21a24cea49120eaff979cfa7d327"}
,"/Users/keshavagarwal/Desktop/rewards-catalog-ui/app/components/pages/RewardsCatalogSettings/helpers.js": {"path":"/Users/keshavagarwal/Desktop/rewards-catalog-ui/app/components/pages/RewardsCatalogSettings/helpers.js","statementMap":{"0":{"start":{"line":6,"column":34},"end":{"line":15,"column":2}},"1":{"start":{"line":6,"column":95},"end":{"line":15,"column":1}}},"fnMap":{"0":{"name":"(anonymous_0)","decl":{"start":{"line":6,"column":34},"end":{"line":6,"column":35}},"loc":{"start":{"line":6,"column":95},"end":{"line":15,"column":1}},"line":6}},"branchMap":{"0":{"loc":{"start":{"line":6,"column":35},"end":{"line":6,"column":43}},"type":"default-arg","locations":[{"start":{"line":6,"column":41},"end":{"line":6,"column":43}}],"line":6},"1":{"loc":{"start":{"line":6,"column":45},"end":{"line":6,"column":59}},"type":"default-arg","locations":[{"start":{"line":6,"column":53},"end":{"line":6,"column":59}}],"line":6},"2":{"loc":{"start":{"line":6,"column":61},"end":{"line":6,"column":71}},"type":"default-arg","locations":[{"start":{"line":6,"column":69},"end":{"line":6,"column":71}}],"line":6},"3":{"loc":{"start":{"line":6,"column":73},"end":{"line":6,"column":89}},"type":"default-arg","locations":[{"start":{"line":6,"column":87},"end":{"line":6,"column":89}}],"line":6}},"s":{"0":3,"1":159},"f":{"0":159},"b":{"0":[0],"1":[0],"2":[0],"3":[97]},"_coverageSchema":"1a1c01bbd47fc00a2c39e90264f33305004495a9","hash":"ae7b06fe70617b17783191894bae0c159a83c765"}
,"/Users/keshavagarwal/Desktop/rewards-catalog-ui/app/components/templates/PageTemplate/pageTemplate.js": {"path":"/Users/keshavagarwal/Desktop/rewards-catalog-ui/app/components/templates/PageTemplate/pageTemplate.js","statementMap":{"0":{"start":{"line":5,"column":16},"end":{"line":11,"column":1}},"1":{"start":{"line":13,"column":16},"end":{"line":16,"column":1}},"2":{"start":{"line":18,"column":21},"end":{"line":22,"column":1}},"3":{"start":{"line":19,"column":2},"end":{"line":21,"column":12}},"4":{"start":{"line":24,"column":0},"end":{"line":26,"column":2}}},"fnMap":{"0":{"name":"(anonymous_0)","decl":{"start":{"line":18,"column":21},"end":{"line":18,"column":22}},"loc":{"start":{"line":19,"column":2},"end":{"line":21,"column":12}},"line":19}},"branchMap":{},"s":{"0":3,"1":3,"2":3,"3":4,"4":3},"f":{"0":4},"b":{},"_coverageSchema":"1a1c01bbd47fc00a2c39e90264f33305004495a9","hash":"2e3f9fe2b4a0bbf48ecec61e8f5f475dce85980d"}
}
