TN:
SF:app/components/atoms/CustomFieldsScopeFilterOption/CustomFieldsScopeFilterOption.js
FN:13,(anonymous_0)
FNF:1
FNH:1
FNDA:6,(anonymous_0)
DA:13,3
DA:18,6
DA:34,3
DA:40,3
LF:4
LH:4
BRDA:18,0,0,6
BRDA:18,0,1,2
BRF:2
BRH:2
end_of_record
TN:
SF:app/components/atoms/ErrorBoundaryFallback/ErrorBoundaryFallback.js
FN:13,ErrorBoundaryFallback
FNF:1
FNH:0
FNDA:0,ErrorBoundaryFallback
DA:14,0
DA:24,1
DA:29,1
LF:3
LH:2
BRF:0
BRH:0
end_of_record
TN:
SF:app/components/atoms/ErrorBoundaryFallback/styles.js
FNF:0
FNH:0
LF:0
LH:0
BRF:0
BRH:0
end_of_record
TN:
SF:app/components/atoms/LastUpdatedOnFilter/LastUpdatedOnFilter.js
FN:12,(anonymous_0)
FN:42,(anonymous_1)
FNF:2
FNH:1
FNDA:35,(anonymous_0)
FNDA:0,(anonymous_1)
DA:12,3
DA:13,35
DA:33,3
DA:39,3
LF:4
LH:4
BRF:0
BRH:0
end_of_record
TN:
SF:app/components/atoms/LastUpdatedOnFilter/styles.js
FNF:0
FNH:0
LF:0
LH:0
BRF:0
BRH:0
end_of_record
TN:
SF:app/components/atoms/RenderRoute/RenderRoute.js
FN:5,(anonymous_0)
FN:8,(anonymous_1)
FN:12,(anonymous_2)
FN:17,(anonymous_3)
FNF:4
FNH:2
FNDA:7,(anonymous_0)
FNDA:7,(anonymous_1)
FNDA:0,(anonymous_2)
FNDA:0,(anonymous_3)
DA:5,2
DA:6,7
DA:9,7
DA:13,0
DA:18,0
DA:30,2
DA:35,2
LF:7
LH:5
BRDA:11,0,0,7
BRDA:11,0,1,7
BRDA:19,1,0,0
BRDA:19,1,1,0
BRF:4
BRH:2
end_of_record
TN:
SF:app/components/atoms/SettingsColumnRowAttribute/SettingsColumnRowAttribute.js
FN:10,(anonymous_0)
FNF:1
FNH:1
FNDA:45,(anonymous_0)
DA:8,3
DA:10,3
DA:11,45
DA:22,3
DA:28,3
LF:5
LH:5
BRDA:18,0,0,45
BRDA:18,0,1,9
BRF:2
BRH:2
end_of_record
TN:
SF:app/components/atoms/SettingsViewLabelValue/SettingsViewLabelValue.js
FN:7,(anonymous_0)
FNF:1
FNH:1
FNDA:25,(anonymous_0)
DA:7,2
DA:8,25
DA:18,2
DA:23,2
LF:4
LH:4
BRF:0
BRH:0
end_of_record
TN:
SF:app/components/molecules/EmptyStateIllustration/EmptyStateIllustration.js
FN:19,(anonymous_0)
FN:20,(anonymous_1)
FNF:2
FNH:0
FNDA:0,(anonymous_0)
FNDA:0,(anonymous_1)
DA:19,0
DA:20,0
DA:28,0
DA:35,0
DA:40,0
LF:5
LH:0
BRF:0
BRH:0
end_of_record
TN:
SF:app/components/molecules/SettingsConfirmationModal/SettingsConfirmationModal.js
FN:14,(anonymous_0)
FN:70,(anonymous_1)
FN:71,(anonymous_2)
FNF:3
FNH:1
FNDA:16,(anonymous_0)
FNDA:0,(anonymous_1)
FNDA:0,(anonymous_2)
DA:14,6
DA:26,16
DA:54,6
DA:67,6
LF:4
LH:4
BRDA:36,0,0,16
BRDA:36,0,1,5
BRF:2
BRH:2
end_of_record
TN:
SF:app/components/molecules/SettingsConfirmationModal/styles.js
FNF:0
FNH:0
LF:0
LH:0
BRF:0
BRH:0
end_of_record
TN:
SF:app/components/molecules/SettingsCreateEditPopover/SettingsCreateEditPopover.js
FN:13,(anonymous_0)
FN:35,(anonymous_1)
FN:36,(anonymous_2)
FN:42,(anonymous_3)
FN:142,(anonymous_4)
FN:143,(anonymous_5)
FN:155,(anonymous_6)
FNF:7
FNH:5
FNDA:2,(anonymous_0)
FNDA:2,(anonymous_1)
FNDA:1,(anonymous_2)
FNDA:2,(anonymous_3)
FNDA:0,(anonymous_4)
FNDA:0,(anonymous_5)
FNDA:1,(anonymous_6)
DA:13,2
DA:33,2
DA:35,2
DA:36,2
DA:37,1
DA:38,1
DA:41,2
DA:42,2
DA:43,2
DA:47,2
DA:116,2
DA:137,2
LF:12
LH:12
BRDA:37,0,0,1
BRDA:37,0,1,0
BRDA:67,1,0,2
BRDA:67,1,1,2
BRDA:78,2,0,2
BRDA:78,2,1,2
BRDA:87,3,0,2
BRDA:87,3,1,2
BRF:8
BRH:7
end_of_record
TN:
SF:app/components/molecules/SettingsCreateEditPopover/styles.js
FNF:0
FNH:0
LF:0
LH:0
BRF:0
BRH:0
end_of_record
TN:
SF:app/components/molecules/SettingsQuickActions/SettingsQuickActions.js
FN:14,(anonymous_0)
FN:22,(anonymous_1)
FN:26,(anonymous_2)
FN:30,(anonymous_3)
FN:72,(anonymous_4)
FN:73,(anonymous_5)
FNF:6
FNH:1
FNDA:9,(anonymous_0)
FNDA:0,(anonymous_1)
FNDA:0,(anonymous_2)
FNDA:0,(anonymous_3)
FNDA:0,(anonymous_4)
FNDA:0,(anonymous_5)
DA:14,3
DA:22,9
DA:23,0
DA:26,9
DA:27,0
DA:30,9
DA:31,0
DA:34,9
DA:60,3
DA:69,3
LF:10
LH:7
BRDA:23,0,0,0
BRDA:23,0,1,0
BRF:2
BRH:0
end_of_record
TN:
SF:app/components/molecules/SettingsQuickActions/styles.js
FNF:0
FNH:0
LF:0
LH:0
BRF:0
BRH:0
end_of_record
TN:
SF:app/components/organisms/NavigationBar/NavigationBar.js
FN:26,(anonymous_0)
FN:29,(anonymous_1)
FN:33,(anonymous_2)
FN:41,(anonymous_3)
FN:44,(anonymous_4)
FN:51,(anonymous_5)
FN:52,(anonymous_6)
FN:59,(anonymous_7)
FN:71,(anonymous_8)
FN:78,(anonymous_9)
FN:95,(anonymous_10)
FN:99,(anonymous_11)
FN:106,(anonymous_12)
FN:113,(anonymous_13)
FN:120,(anonymous_14)
FN:127,(anonymous_15)
FN:136,(anonymous_16)
FN:139,(anonymous_17)
FN:210,(anonymous_18)
FN:211,(anonymous_19)
FN:212,(anonymous_20)
FNF:21
FNH:11
FNDA:6,(anonymous_0)
FNDA:54,(anonymous_1)
FNDA:6,(anonymous_2)
FNDA:0,(anonymous_3)
FNDA:1,(anonymous_4)
FNDA:6,(anonymous_5)
FNDA:3,(anonymous_6)
FNDA:6,(anonymous_7)
FNDA:0,(anonymous_8)
FNDA:6,(anonymous_9)
FNDA:0,(anonymous_10)
FNDA:0,(anonymous_11)
FNDA:0,(anonymous_12)
FNDA:1,(anonymous_13)
FNDA:0,(anonymous_14)
FNDA:0,(anonymous_15)
FNDA:6,(anonymous_16)
FNDA:18,(anonymous_17)
FNDA:0,(anonymous_18)
FNDA:0,(anonymous_19)
FNDA:0,(anonymous_20)
DA:24,2
DA:26,2
DA:27,6
DA:28,6
DA:29,54
DA:30,6
DA:33,2
DA:44,6
DA:46,6
DA:48,6
DA:50,6
DA:52,6
DA:59,6
DA:71,6
DA:72,0
DA:73,0
DA:74,0
DA:78,6
DA:99,6
DA:100,0
DA:101,0
DA:102,0
DA:106,6
DA:107,0
DA:108,0
DA:109,0
DA:113,6
DA:114,1
DA:115,1
DA:116,1
DA:120,6
DA:121,0
DA:122,0
DA:123,0
DA:127,6
DA:128,0
DA:129,0
DA:132,6
DA:133,6
DA:135,6
DA:137,6
DA:140,18
DA:149,6
DA:182,2
DA:200,2
LF:45
LH:31
BRDA:27,0,0,6
BRDA:27,0,1,0
BRDA:29,1,0,54
BRDA:29,1,1,54
BRDA:30,2,0,0
BRDA:30,2,1,6
BRDA:38,3,0,0
BRDA:41,4,0,0
BRDA:41,5,0,0
BRDA:48,6,0,6
BRDA:48,6,1,0
BRDA:73,7,0,0
BRDA:73,7,1,0
BRDA:94,8,0,6
BRDA:94,8,1,0
BRDA:95,9,0,0
BRDA:95,9,1,6
BRDA:101,10,0,0
BRDA:101,10,1,0
BRDA:108,11,0,0
BRDA:108,11,1,0
BRDA:115,12,0,1
BRDA:115,12,1,0
BRDA:122,13,0,0
BRDA:122,13,1,0
BRDA:151,14,0,6
BRDA:151,14,1,0
BRF:27
BRH:9
end_of_record
TN:
SF:app/components/organisms/OrgChange/OrgChange.js
FN:36,(anonymous_0)
FN:52,(anonymous_1)
FN:56,(anonymous_2)
FN:73,(anonymous_3)
FN:83,(anonymous_4)
FN:89,(anonymous_5)
FN:95,(anonymous_6)
FN:100,(anonymous_7)
FN:104,(anonymous_8)
FN:114,(anonymous_9)
FN:120,(anonymous_10)
FN:147,(anonymous_11)
FN:154,(anonymous_12)
FN:158,(anonymous_13)
FN:177,(anonymous_14)
FN:179,(anonymous_15)
FN:184,(anonymous_16)
FN:186,(anonymous_17)
FN:191,(anonymous_18)
FN:219,(anonymous_19)
FN:220,(anonymous_20)
FNF:21
FNH:9
FNDA:3,(anonymous_0)
FNDA:3,(anonymous_1)
FNDA:0,(anonymous_2)
FNDA:0,(anonymous_3)
FNDA:3,(anonymous_4)
FNDA:3,(anonymous_5)
FNDA:0,(anonymous_6)
FNDA:0,(anonymous_7)
FNDA:0,(anonymous_8)
FNDA:0,(anonymous_9)
FNDA:0,(anonymous_10)
FNDA:0,(anonymous_11)
FNDA:0,(anonymous_12)
FNDA:0,(anonymous_13)
FNDA:3,(anonymous_14)
FNDA:3,(anonymous_15)
FNDA:3,(anonymous_16)
FNDA:3,(anonymous_17)
FNDA:3,(anonymous_18)
FNDA:0,(anonymous_19)
FNDA:0,(anonymous_20)
DA:25,1
DA:27,1
DA:30,1
DA:32,1
DA:34,1
DA:36,1
DA:44,3
DA:45,3
DA:46,3
DA:47,3
DA:52,3
DA:53,3
DA:56,3
DA:57,0
DA:58,0
DA:73,3
DA:74,0
DA:75,0
DA:76,0
DA:77,0
DA:78,0
DA:79,0
DA:83,3
DA:84,3
DA:85,3
DA:86,3
DA:89,3
DA:90,3
DA:91,3
DA:92,3
DA:95,3
DA:96,0
DA:97,0
DA:98,0
DA:99,0
DA:100,0
DA:101,0
DA:103,0
DA:105,0
DA:106,0
DA:107,0
DA:114,3
DA:116,0
DA:117,0
DA:120,3
DA:121,0
DA:122,0
DA:123,0
DA:124,0
DA:125,0
DA:147,3
DA:148,0
DA:149,0
DA:150,0
DA:154,3
DA:155,0
DA:158,3
DA:159,0
DA:160,0
DA:161,0
DA:177,3
DA:178,3
DA:179,3
DA:180,3
DA:184,3
DA:185,3
DA:186,3
DA:187,3
DA:191,3
DA:192,3
DA:193,3
DA:194,0
DA:198,3
DA:206,1
DA:215,1
LF:75
LH:42
BRDA:37,0,0,0
BRDA:53,1,0,3
BRDA:53,1,1,3
BRDA:75,2,0,0
BRDA:75,2,1,0
BRDA:98,3,0,0
BRDA:98,3,1,0
BRDA:98,4,0,0
BRDA:98,4,1,0
BRDA:98,4,2,0
BRDA:115,5,0,0
BRDA:115,6,0,0
BRDA:148,7,0,0
BRDA:148,7,1,0
BRDA:159,8,0,0
BRDA:159,9,0,0
BRDA:192,10,0,3
BRDA:192,10,1,3
BRDA:193,11,0,0
BRDA:193,11,1,3
BRDA:193,12,0,3
BRDA:193,12,1,0
BRDA:200,13,0,3
BRDA:200,13,1,0
BRDA:201,14,0,3
BRDA:201,14,1,0
BRF:26
BRH:8
end_of_record
TN:
SF:app/components/pages/App/routes.js
FN:13,(anonymous_0)
FN:18,(anonymous_1)
FNF:2
FNH:2
FNDA:1,(anonymous_0)
FNDA:1,(anonymous_1)
DA:5,3
DA:13,1
DA:18,1
LF:3
LH:3
BRF:0
BRH:0
end_of_record
TN:
SF:app/components/pages/Cap/Cap.js
FN:61,(anonymous_0)
FN:84,(anonymous_1)
FN:85,(anonymous_2)
FN:125,(anonymous_3)
FN:134,(anonymous_4)
FN:139,(anonymous_5)
FN:147,(anonymous_6)
FN:151,(anonymous_7)
FN:156,(anonymous_8)
FN:161,(anonymous_9)
FN:171,(anonymous_10)
FN:177,(anonymous_11)
FN:251,(anonymous_12)
FN:258,(anonymous_13)
FNF:14
FNH:7
FNDA:3,(anonymous_0)
FNDA:3,(anonymous_1)
FNDA:3,(anonymous_2)
FNDA:3,(anonymous_3)
FNDA:3,(anonymous_4)
FNDA:0,(anonymous_5)
FNDA:0,(anonymous_6)
FNDA:0,(anonymous_7)
FNDA:0,(anonymous_8)
FNDA:3,(anonymous_9)
FNDA:0,(anonymous_10)
FNDA:0,(anonymous_11)
FNDA:0,(anonymous_12)
FNDA:7,(anonymous_13)
DA:36,1
DA:37,1
DA:38,1
DA:39,1
DA:46,1
DA:54,1
DA:56,1
DA:58,1
DA:59,1
DA:61,1
DA:72,3
DA:73,3
DA:74,3
DA:75,3
DA:76,3
DA:79,3
DA:81,3
DA:82,3
DA:84,3
DA:85,3
DA:86,3
DA:87,3
DA:95,3
DA:96,3
DA:114,3
DA:116,3
DA:117,3
DA:118,3
DA:120,3
DA:121,3
DA:125,3
DA:126,3
DA:127,3
DA:128,3
DA:129,3
DA:131,3
DA:132,0
DA:134,3
DA:135,3
DA:139,3
DA:140,0
DA:141,0
DA:143,0
DA:147,3
DA:148,0
DA:151,3
DA:152,0
DA:153,0
DA:156,3
DA:157,0
DA:161,3
DA:162,3
DA:163,3
DA:164,3
DA:166,3
DA:167,0
DA:171,3
DA:172,0
DA:173,0
DA:177,3
DA:178,0
DA:181,3
DA:219,1
DA:232,1
DA:243,1
DA:251,1
DA:256,1
DA:258,7
DA:260,1
LF:69
LH:57
BRDA:59,0,0,1
BRDA:59,0,1,1
BRDA:62,1,0,0
BRDA:79,2,0,0
BRDA:79,2,1,3
BRDA:87,3,0,3
BRDA:87,3,1,3
BRDA:89,4,0,3
BRDA:90,5,0,3
BRDA:91,6,0,3
BRDA:92,7,0,3
BRDA:93,8,0,3
BRDA:116,9,0,3
BRDA:116,9,1,0
BRDA:120,10,0,3
BRDA:120,10,1,0
BRDA:128,11,0,3
BRDA:128,11,1,0
BRDA:128,12,0,3
BRDA:128,12,1,3
BRDA:131,13,0,0
BRDA:131,13,1,3
BRDA:140,14,0,0
BRDA:140,14,1,0
BRDA:162,15,0,0
BRDA:162,15,1,3
BRDA:162,16,0,3
BRDA:162,16,1,0
BRDA:166,17,0,0
BRDA:166,17,1,3
BRDA:166,18,0,3
BRDA:166,18,1,0
BRDA:166,18,2,0
BRDA:172,19,0,0
BRDA:172,19,1,0
BRDA:183,20,0,3
BRDA:183,20,1,3
BRDA:201,21,0,3
BRDA:201,21,1,0
BRF:39
BRH:23
end_of_record
TN:
SF:app/components/pages/Cap/reducer.js
FN:20,(anonymous_0)
FNF:1
FNH:1
FNDA:3,(anonymous_0)
DA:7,2
DA:9,2
DA:20,2
DA:21,3
DA:23,0
DA:25,0
DA:27,0
DA:29,0
DA:31,0
DA:33,0
DA:35,0
DA:37,0
DA:39,0
DA:41,0
DA:43,0
DA:45,0
DA:47,0
DA:53,0
DA:55,0
DA:57,0
DA:61,0
DA:63,1
DA:65,1
DA:67,1
DA:69,0
LF:25
LH:7
BRDA:20,0,0,0
BRDA:21,1,0,0
BRDA:21,1,1,0
BRDA:21,1,2,0
BRDA:21,1,3,0
BRDA:21,1,4,0
BRDA:21,1,5,0
BRDA:21,1,6,0
BRDA:21,1,7,0
BRDA:21,1,8,0
BRDA:21,1,9,0
BRDA:21,1,10,0
BRDA:21,1,11,0
BRDA:21,1,12,0
BRDA:21,1,13,0
BRDA:21,1,14,0
BRDA:21,1,15,0
BRDA:21,1,16,0
BRDA:21,1,17,1
BRDA:21,1,18,1
BRDA:21,1,19,1
BRDA:21,1,20,0
BRF:22
BRH:3
end_of_record
TN:
SF:app/components/pages/Cap/saga.js
FN:9,switchOrgSuccess
FN:13,getSidebarMenuData
FN:24,getSupportedLocales
FN:36,getTopbarMenuData
FN:47,switchOrg
FN:57,fetchUserInfo
FN:108,(anonymous_6)
FN:112,getOrganizationData
FN:136,watchForFetchUserInfo
FN:140,watchGetSidebarMenuData
FN:144,watchGetTopbarMenuData
FN:148,watchForOrgChange
FN:152,watchForOrgChangeSuccess
FN:156,watchForGetSupportedLocales
FN:160,watchForGetOrganizationData
FNF:15
FNH:3
FNDA:0,switchOrgSuccess
FNDA:0,getSidebarMenuData
FNDA:0,getSupportedLocales
FNDA:0,getTopbarMenuData
FNDA:0,switchOrg
FNDA:0,fetchUserInfo
FNDA:1,(anonymous_6)
FNDA:3,getOrganizationData
FNDA:0,watchForFetchUserInfo
FNDA:0,watchGetSidebarMenuData
FNDA:0,watchGetTopbarMenuData
FNDA:0,watchForOrgChange
FNDA:0,watchForOrgChangeSuccess
FNDA:0,watchForGetSupportedLocales
FNDA:1,watchForGetOrganizationData
DA:10,0
DA:14,0
DA:15,0
DA:20,0
DA:25,0
DA:26,0
DA:27,0
DA:32,0
DA:37,0
DA:38,0
DA:43,0
DA:48,0
DA:49,0
DA:50,0
DA:51,0
DA:53,0
DA:58,0
DA:59,0
DA:60,0
DA:61,0
DA:62,0
DA:68,0
DA:70,0
DA:71,0
DA:80,0
DA:81,0
DA:83,0
DA:89,0
DA:90,0
DA:93,0
DA:99,0
DA:108,2
DA:109,1
DA:113,3
DA:114,3
DA:115,2
DA:117,2
DA:118,1
DA:123,1
DA:129,1
DA:137,0
DA:141,0
DA:145,0
DA:149,0
DA:153,0
DA:157,0
DA:161,1
LF:47
LH:10
BRDA:50,0,0,0
BRDA:50,0,1,0
BRDA:51,1,0,0
BRDA:51,1,1,0
BRDA:60,2,0,0
BRDA:60,2,1,0
BRDA:61,3,0,0
BRDA:61,3,1,0
BRDA:62,4,0,0
BRDA:62,4,1,0
BRDA:64,5,0,0
BRDA:64,5,1,0
BRDA:70,6,0,0
BRDA:70,6,1,0
BRDA:89,7,0,0
BRDA:89,7,1,0
BRDA:117,8,0,1
BRDA:117,8,1,1
BRF:18
BRH:2
end_of_record
TN:
SF:app/components/pages/Cap/selectors.js
FN:12,(anonymous_0)
FN:22,(anonymous_1)
FN:23,(anonymous_2)
FN:25,(anonymous_3)
FN:26,(anonymous_4)
FN:31,(anonymous_5)
FN:32,(anonymous_6)
FN:40,(anonymous_7)
FN:41,(anonymous_8)
FN:43,(anonymous_9)
FN:44,(anonymous_10)
FN:53,(anonymous_11)
FN:54,(anonymous_12)
FN:63,(anonymous_13)
FN:64,(anonymous_14)
FN:69,(anonymous_15)
FN:77,(anonymous_16)
FN:78,(anonymous_17)
FNF:18
FNH:8
FNDA:162,(anonymous_0)
FNDA:0,(anonymous_1)
FNDA:0,(anonymous_2)
FNDA:1,(anonymous_3)
FNDA:0,(anonymous_4)
FNDA:1,(anonymous_5)
FNDA:0,(anonymous_6)
FNDA:0,(anonymous_7)
FNDA:0,(anonymous_8)
FNDA:1,(anonymous_9)
FNDA:0,(anonymous_10)
FNDA:1,(anonymous_11)
FNDA:0,(anonymous_12)
FNDA:1,(anonymous_13)
FNDA:0,(anonymous_14)
FNDA:0,(anonymous_15)
FNDA:8,(anonymous_16)
FNDA:3,(anonymous_17)
DA:7,6
DA:12,162
DA:22,6
DA:23,0
DA:25,6
DA:26,1
DA:31,6
DA:32,1
DA:33,0
DA:34,0
DA:40,6
DA:41,0
DA:43,6
DA:44,1
DA:45,0
DA:46,0
DA:47,0
DA:48,0
DA:50,0
DA:53,6
DA:54,1
DA:55,0
DA:56,0
DA:57,0
DA:58,0
DA:60,0
DA:63,6
DA:64,1
DA:65,0
DA:66,0
DA:68,0
DA:69,0
DA:70,0
DA:74,0
DA:77,6
DA:78,8
DA:79,3
DA:80,3
LF:38
LH:18
BRDA:12,0,0,0
BRDA:23,1,0,0
BRDA:26,2,0,0
BRDA:32,3,0,0
BRDA:35,4,0,0
BRDA:35,4,1,0
BRDA:41,5,0,0
BRDA:44,6,0,0
BRDA:47,7,0,0
BRDA:47,7,1,0
BRDA:47,8,0,0
BRDA:47,8,1,0
BRDA:54,9,0,0
BRDA:57,10,0,0
BRDA:57,10,1,0
BRDA:57,11,0,0
BRDA:57,11,1,0
BRDA:64,12,0,0
BRDA:68,13,0,0
BRDA:68,13,1,0
BRDA:78,14,0,2
BRF:21
BRH:1
end_of_record
TN:
SF:app/components/pages/Cap/styles.js
FNF:0
FNH:0
DA:3,1
LF:1
LH:1
BRF:0
BRH:0
end_of_record
TN:
SF:app/components/pages/CustomFieldsSettings/CreateEditCustomField.js
FN:30,(anonymous_0)
FN:41,(anonymous_1)
FN:45,(anonymous_2)
FN:50,(anonymous_3)
FN:54,(anonymous_4)
FN:58,(anonymous_5)
FN:69,(anonymous_6)
FN:172,mapDispatchToProps
FNF:8
FNH:8
FNDA:71,(anonymous_0)
FNDA:5,(anonymous_1)
FNDA:5,(anonymous_2)
FNDA:5,(anonymous_3)
FNDA:5,(anonymous_4)
FNDA:15,(anonymous_5)
FNDA:10,(anonymous_6)
FNDA:21,mapDispatchToProps
DA:30,6
DA:39,71
DA:41,71
DA:42,5
DA:45,71
DA:46,5
DA:47,5
DA:50,71
DA:51,5
DA:54,71
DA:55,5
DA:58,71
DA:59,15
DA:63,10
DA:65,5
DA:69,71
DA:70,10
DA:73,71
DA:145,6
DA:155,6
DA:164,6
DA:173,21
DA:186,6
LF:23
LH:23
BRDA:59,0,0,10
BRDA:59,0,1,5
BRDA:60,1,0,15
BRDA:60,1,1,15
BRDA:70,2,0,5
BRDA:70,2,1,5
BRDA:75,3,0,71
BRDA:75,3,1,10
BRDA:86,4,0,21
BRDA:86,4,1,50
BRDA:92,5,0,5
BRDA:92,5,1,45
BRF:12
BRH:12
end_of_record
TN:
SF:app/components/pages/CustomFieldsSettings/CreateEditCustomFieldContent.js
FN:48,(anonymous_0)
FN:66,(anonymous_1)
FN:69,(anonymous_2)
FN:79,(anonymous_3)
FN:85,(anonymous_4)
FN:97,(anonymous_5)
FN:114,(anonymous_6)
FN:117,(anonymous_7)
FN:133,(anonymous_8)
FN:138,(anonymous_9)
FN:144,(anonymous_10)
FN:159,(anonymous_11)
FN:190,(anonymous_12)
FN:202,(anonymous_13)
FN:218,(anonymous_14)
FN:244,(anonymous_15)
FN:296,mapDispatchToProps
FNF:17
FNH:15
FNDA:15,(anonymous_0)
FNDA:5,(anonymous_1)
FNDA:5,(anonymous_2)
FNDA:20,(anonymous_3)
FNDA:4,(anonymous_4)
FNDA:6,(anonymous_5)
FNDA:7,(anonymous_6)
FNDA:1,(anonymous_7)
FNDA:1,(anonymous_8)
FNDA:1,(anonymous_9)
FNDA:0,(anonymous_10)
FNDA:1,(anonymous_11)
FNDA:1,(anonymous_12)
FNDA:1,(anonymous_13)
FNDA:11,(anonymous_14)
FNDA:1,(anonymous_15)
FNDA:0,mapDispatchToProps
DA:34,2
DA:36,2
DA:48,2
DA:63,15
DA:64,15
DA:65,15
DA:66,15
DA:67,15
DA:69,15
DA:70,5
DA:71,0
DA:73,5
DA:77,15
DA:79,15
DA:80,20
DA:81,20
DA:85,15
DA:86,4
DA:87,4
DA:89,4
DA:90,4
DA:97,15
DA:98,6
DA:100,6
DA:102,6
DA:103,6
DA:106,6
DA:107,6
DA:114,15
DA:115,7
DA:117,1
DA:118,1
DA:120,1
DA:121,1
DA:122,1
DA:125,1
DA:126,1
DA:133,15
DA:134,1
DA:135,1
DA:138,15
DA:139,1
DA:140,1
DA:141,1
DA:144,15
DA:145,0
DA:148,15
DA:159,1
DA:190,1
DA:202,1
DA:218,11
DA:244,1
DA:275,2
DA:283,2
DA:290,2
DA:297,0
DA:302,2
LF:57
LH:54
BRDA:70,0,0,0
BRDA:70,0,1,5
BRDA:70,1,0,5
BRDA:70,1,1,0
BRDA:70,1,2,0
BRDA:80,2,0,20
BRDA:80,2,1,0
BRDA:89,3,0,4
BRDA:89,3,1,0
BRDA:100,4,0,0
BRDA:100,4,1,6
BRDA:106,5,0,6
BRDA:106,5,1,0
BRDA:109,6,0,0
BRDA:109,6,1,6
BRDA:115,7,0,6
BRDA:115,7,1,1
BRDA:120,8,0,1
BRDA:120,8,1,0
BRDA:120,9,0,1
BRDA:120,9,1,1
BRDA:125,10,0,1
BRDA:125,10,1,0
BRDA:128,11,0,0
BRDA:128,11,1,1
BRDA:150,12,0,15
BRDA:150,12,1,1
BRDA:175,13,0,15
BRDA:175,13,1,1
BRDA:205,14,0,15
BRDA:205,14,1,11
BRDA:218,15,0,11
BRDA:218,15,1,7
BRDA:226,16,0,11
BRDA:226,16,1,11
BRDA:248,17,0,15
BRDA:248,17,1,12
BRDA:252,18,0,12
BRDA:252,18,1,12
BRDA:252,18,2,1
BRDA:264,19,0,15
BRDA:264,19,1,0
BRF:42
BRH:30
end_of_record
TN:
SF:app/components/pages/CustomFieldsSettings/CreateEditCustomFieldDefaultValue.js
FN:39,(anonymous_0)
FN:49,(anonymous_1)
FN:53,(anonymous_2)
FN:68,(anonymous_3)
FN:75,(anonymous_4)
FN:79,(anonymous_5)
FN:83,(anonymous_6)
FN:87,(anonymous_7)
FN:91,(anonymous_8)
FN:216,mapDispatchToProps
FNF:10
FNH:8
FNDA:5,(anonymous_0)
FNDA:274,(anonymous_1)
FNDA:267,(anonymous_2)
FNDA:3,(anonymous_3)
FNDA:2,(anonymous_4)
FNDA:1,(anonymous_5)
FNDA:0,(anonymous_6)
FNDA:0,(anonymous_7)
FNDA:1,(anonymous_8)
FNDA:1,mapDispatchToProps
DA:37,2
DA:39,2
DA:47,5
DA:49,5
DA:50,274
DA:53,5
DA:54,267
DA:55,267
DA:57,267
DA:60,267
DA:61,267
DA:68,5
DA:69,3
DA:70,3
DA:71,3
DA:75,5
DA:76,2
DA:79,5
DA:80,1
DA:83,5
DA:84,0
DA:87,5
DA:88,0
DA:91,5
DA:92,1
DA:95,5
DA:192,2
DA:201,2
DA:209,2
DA:217,1
DA:228,2
LF:31
LH:29
BRDA:60,0,0,267
BRDA:60,0,1,0
BRDA:63,1,0,0
BRDA:63,1,1,267
BRDA:70,2,0,3
BRDA:70,2,1,0
BRDA:97,3,0,5
BRDA:97,3,1,1
BRDA:111,4,0,1
BRDA:111,4,1,1
BRDA:116,5,0,5
BRDA:116,5,1,1
BRDA:125,6,0,5
BRDA:125,6,1,2
BRDA:136,7,0,2
BRDA:136,7,1,1
BRDA:148,8,0,5
BRDA:148,8,1,1
BRDA:160,9,0,1
BRDA:160,9,1,1
BRDA:172,10,0,5
BRDA:172,10,1,0
BRF:22
BRH:18
end_of_record
TN:
SF:app/components/pages/CustomFieldsSettings/CustomFieldsListing.js
FN:38,(anonymous_0)
FN:46,(anonymous_1)
FN:90,mapDispatchToProps
FNF:3
FNH:3
FNDA:16,(anonymous_0)
FNDA:16,(anonymous_1)
FNDA:16,mapDispatchToProps
DA:38,1
DA:44,16
DA:46,16
DA:47,16
DA:50,16
DA:73,1
DA:80,1
DA:86,1
DA:91,16
DA:102,1
DA:103,1
DA:105,1
LF:12
LH:12
BRDA:68,0,0,16
BRDA:68,0,1,0
BRF:2
BRH:1
end_of_record
TN:
SF:app/components/pages/CustomFieldsSettings/CustomFieldsListingFilters.js
FN:21,(anonymous_0)
FN:33,(anonymous_1)
FN:38,(anonymous_2)
FN:42,(anonymous_3)
FN:48,(anonymous_4)
FN:54,(anonymous_5)
FN:56,(anonymous_6)
FN:73,(anonymous_7)
FN:107,mapDispatchToProps
FNF:9
FNH:4
FNDA:32,(anonymous_0)
FNDA:16,(anonymous_1)
FNDA:0,(anonymous_2)
FNDA:16,(anonymous_3)
FNDA:0,(anonymous_4)
FNDA:0,(anonymous_5)
FNDA:0,(anonymous_6)
FNDA:0,(anonymous_7)
FNDA:16,mapDispatchToProps
DA:21,1
DA:26,32
DA:27,32
DA:33,32
DA:34,16
DA:37,32
DA:38,0
DA:42,32
DA:43,16
DA:44,16
DA:45,16
DA:48,32
DA:49,0
DA:50,0
DA:51,0
DA:54,32
DA:56,32
DA:58,32
DA:73,0
DA:92,1
DA:98,1
DA:103,1
DA:108,16
DA:118,1
LF:24
LH:19
BRDA:79,0,0,32
BRDA:79,0,1,0
BRF:2
BRH:1
end_of_record
TN:
SF:app/components/pages/CustomFieldsSettings/CustomFieldsListingTable.js
FN:28,(anonymous_0)
FN:37,(anonymous_1)
FN:42,(anonymous_2)
FN:47,(anonymous_3)
FN:52,(anonymous_4)
FN:56,(anonymous_5)
FN:73,(anonymous_6)
FN:74,(anonymous_7)
FN:79,(anonymous_8)
FN:110,mapDispatchToProps
FNF:10
FNH:8
FNDA:27,(anonymous_0)
FNDA:9,(anonymous_1)
FNDA:3,(anonymous_2)
FNDA:2,(anonymous_3)
FNDA:1,(anonymous_4)
FNDA:0,(anonymous_5)
FNDA:9,(anonymous_6)
FNDA:3,(anonymous_7)
FNDA:0,(anonymous_8)
FNDA:18,mapDispatchToProps
DA:28,2
DA:35,27
DA:36,27
DA:37,27
DA:38,9
DA:40,27
DA:42,27
DA:43,3
DA:44,3
DA:47,27
DA:48,2
DA:49,2
DA:52,27
DA:53,1
DA:56,27
DA:57,0
DA:60,27
DA:73,9
DA:74,3
DA:85,2
DA:93,2
DA:103,2
DA:111,18
DA:123,2
LF:24
LH:23
BRDA:38,0,0,3
BRDA:38,0,1,6
BRF:2
BRH:2
end_of_record
TN:
SF:app/components/pages/CustomFieldsSettings/CustomFieldsSettingsComponentLazyLoader.js
FN:3,(anonymous_0)
FNF:1
FNH:1
FNDA:1,(anonymous_0)
DA:3,1
LF:1
LH:1
BRF:0
BRH:0
end_of_record
TN:
SF:app/components/pages/CustomFieldsSettings/ViewCustomField.js
FN:22,(anonymous_0)
FN:27,(anonymous_1)
FN:31,(anonymous_2)
FN:79,mapDispatchToProps
FNF:4
FNH:4
FNDA:4,(anonymous_0)
FNDA:2,(anonymous_1)
FNDA:1,(anonymous_2)
FNDA:1,mapDispatchToProps
DA:22,2
DA:27,4
DA:28,2
DA:31,4
DA:32,1
DA:35,4
DA:64,2
DA:70,2
DA:75,2
DA:80,1
DA:91,2
LF:11
LH:11
BRF:0
BRH:0
end_of_record
TN:
SF:app/components/pages/CustomFieldsSettings/ViewCustomFieldContent.js
FN:22,(anonymous_0)
FN:28,(anonymous_1)
FN:29,(anonymous_2)
FN:61,(anonymous_3)
FNF:4
FNH:4
FNDA:8,(anonymous_0)
FNDA:2,(anonymous_1)
FNDA:2,(anonymous_2)
FNDA:3,(anonymous_3)
DA:22,2
DA:26,8
DA:28,8
DA:29,2
DA:32,8
DA:62,3
DA:100,2
DA:105,2
DA:109,2
DA:113,2
LF:10
LH:10
BRDA:43,0,0,8
BRDA:43,0,1,3
BRDA:53,1,0,1
BRDA:53,1,1,2
BRDA:59,2,0,1
BRDA:59,2,1,2
BRDA:90,3,0,8
BRDA:90,3,1,1
BRF:8
BRH:8
end_of_record
TN:
SF:app/components/pages/CustomFieldsSettings/action.js
FN:3,(anonymous_0)
FN:7,(anonymous_1)
FN:11,(anonymous_2)
FN:15,(anonymous_3)
FN:19,(anonymous_4)
FN:23,(anonymous_5)
FN:28,(anonymous_6)
FN:33,(anonymous_7)
FN:38,(anonymous_8)
FN:43,(anonymous_9)
FN:48,(anonymous_10)
FN:53,(anonymous_11)
FN:58,(anonymous_12)
FN:63,(anonymous_13)
FN:68,(anonymous_14)
FN:73,(anonymous_15)
FN:78,(anonymous_16)
FN:83,(anonymous_17)
FN:88,(anonymous_18)
FNF:19
FNH:19
FNDA:17,(anonymous_0)
FNDA:6,(anonymous_1)
FNDA:6,(anonymous_2)
FNDA:7,(anonymous_3)
FNDA:16,(anonymous_4)
FNDA:9,(anonymous_5)
FNDA:1,(anonymous_6)
FNDA:3,(anonymous_7)
FNDA:1,(anonymous_8)
FNDA:1,(anonymous_9)
FNDA:1,(anonymous_10)
FNDA:1,(anonymous_11)
FNDA:2,(anonymous_12)
FNDA:1,(anonymous_13)
FNDA:1,(anonymous_14)
FNDA:3,(anonymous_15)
FNDA:1,(anonymous_16)
FNDA:1,(anonymous_17)
FNDA:2,(anonymous_18)
DA:3,17
DA:7,7
DA:11,7
DA:15,7
DA:19,16
DA:23,9
DA:28,7
DA:33,7
DA:38,7
DA:43,7
DA:48,7
DA:53,7
DA:58,7
DA:63,7
DA:68,7
DA:73,7
DA:78,7
DA:83,7
DA:88,7
LF:19
LH:19
BRF:0
BRH:0
end_of_record
TN:
SF:app/components/pages/CustomFieldsSettings/constant.js
FNF:0
FNH:0
DA:1,11
DA:2,11
DA:3,11
DA:4,11
DA:6,11
DA:8,11
DA:16,11
DA:22,11
DA:24,11
DA:25,11
DA:27,11
DA:29,11
DA:30,11
DA:31,11
DA:33,11
DA:34,11
DA:35,11
DA:37,11
DA:38,11
DA:39,11
DA:41,11
DA:42,11
DA:44,11
DA:45,11
DA:46,11
DA:47,11
DA:48,11
DA:49,11
DA:50,11
DA:52,11
DA:54,11
DA:55,11
DA:56,11
LF:33
LH:33
BRF:0
BRH:0
end_of_record
TN:
SF:app/components/pages/CustomFieldsSettings/helpers.js
FN:18,(anonymous_0)
FN:42,(anonymous_1)
FN:74,(anonymous_2)
FN:80,(anonymous_3)
FN:122,(anonymous_4)
FN:123,(anonymous_5)
FN:130,(anonymous_6)
FNF:7
FNH:5
FNDA:47,(anonymous_0)
FNDA:27,(anonymous_1)
FNDA:27,(anonymous_2)
FNDA:9,(anonymous_3)
FNDA:0,(anonymous_4)
FNDA:0,(anonymous_5)
FNDA:15,(anonymous_6)
DA:18,47
DA:42,3
DA:47,27
DA:74,3
DA:80,27
DA:81,9
DA:122,0
DA:123,0
DA:130,15
LF:9
LH:7
BRDA:18,0,0,32
BRDA:76,1,0,0
BRF:2
BRH:1
end_of_record
TN:
SF:app/components/pages/CustomFieldsSettings/reducer.js
FN:49,(anonymous_0)
FN:62,(anonymous_1)
FN:71,(anonymous_2)
FN:121,(anonymous_3)
FNF:4
FNH:4
FNDA:82,(anonymous_0)
FNDA:1,(anonymous_1)
FNDA:2,(anonymous_2)
FNDA:2,(anonymous_3)
DA:9,2
DA:49,2
DA:50,82
DA:52,2
DA:53,2
DA:55,2
DA:61,1
DA:62,1
DA:64,1
DA:65,1
DA:71,2
DA:78,2
DA:81,17
DA:83,1
DA:84,1
DA:91,5
DA:93,1
DA:94,1
DA:100,1
DA:102,1
DA:104,1
DA:109,1
DA:111,1
DA:113,1
DA:114,1
DA:119,1
DA:121,2
DA:122,1
DA:125,1
DA:127,1
DA:129,1
DA:131,1
DA:133,1
DA:135,1
DA:137,1
DA:139,1
DA:141,1
DA:143,1
DA:145,1
DA:147,1
DA:173,16
DA:175,21
LF:42
LH:42
BRDA:49,0,0,5
BRDA:49,1,0,0
BRDA:50,2,0,2
BRDA:50,2,1,17
BRDA:50,2,2,1
BRDA:50,2,3,5
BRDA:50,2,4,1
BRDA:50,2,5,1
BRDA:50,2,6,1
BRDA:50,2,7,1
BRDA:50,2,8,1
BRDA:50,2,9,1
BRDA:50,2,10,1
BRDA:50,2,11,1
BRDA:50,2,12,1
BRDA:50,2,13,1
BRDA:50,2,14,1
BRDA:50,2,15,1
BRDA:50,2,16,1
BRDA:50,2,17,1
BRDA:50,2,18,1
BRDA:50,2,19,1
BRDA:50,2,20,1
BRDA:50,2,21,1
BRDA:50,2,22,1
BRDA:50,2,23,1
BRDA:50,2,24,16
BRDA:50,2,25,21
BRDA:55,3,0,1
BRDA:55,3,1,1
BRDA:64,4,0,1
BRDA:64,4,1,0
BRF:32
BRH:30
end_of_record
TN:
SF:app/components/pages/CustomFieldsSettings/saga.js
FN:10,getAllCustomFields
FN:32,createCustomField
FN:72,updateCustomField
FN:117,watchForGetAllCustomFields
FN:121,watchForCreateCustomField
FN:125,watchForUpdateCustomField
FN:129,(anonymous_6)
FNF:7
FNH:7
FNDA:20,getAllCustomFields
FNDA:3,createCustomField
FNDA:4,updateCustomField
FNDA:6,watchForGetAllCustomFields
FNDA:6,watchForCreateCustomField
FNDA:6,watchForUpdateCustomField
FNDA:5,(anonymous_6)
DA:11,20
DA:12,20
DA:13,7
DA:14,1
DA:15,1
DA:20,6
DA:25,1
DA:33,3
DA:34,3
DA:36,3
DA:37,3
DA:41,3
DA:42,1
DA:47,1
DA:51,2
DA:52,1
DA:60,2
DA:65,0
DA:73,4
DA:74,4
DA:75,4
DA:77,4
DA:78,4
DA:83,4
DA:84,2
DA:89,2
DA:96,2
DA:97,1
DA:105,2
DA:110,0
DA:118,6
DA:122,6
DA:126,6
DA:130,5
LF:34
LH:32
BRDA:13,0,0,1
BRDA:13,0,1,6
BRDA:41,1,0,1
BRDA:41,1,1,2
BRDA:51,2,0,1
BRDA:51,2,1,1
BRDA:83,3,0,2
BRDA:83,3,1,2
BRDA:91,4,0,0
BRDA:91,4,1,2
BRDA:96,5,0,1
BRDA:96,5,1,1
BRF:12
BRH:11
end_of_record
TN:
SF:app/components/pages/CustomFieldsSettings/selector.js
FN:7,(anonymous_0)
FN:10,(anonymous_1)
FN:11,(anonymous_2)
FN:16,(anonymous_3)
FN:17,(anonymous_4)
FN:29,(anonymous_5)
FN:30,(anonymous_6)
FN:54,(anonymous_7)
FN:55,(anonymous_8)
FN:58,(anonymous_9)
FN:64,(anonymous_10)
FN:65,(anonymous_11)
FN:67,(anonymous_12)
FN:75,(anonymous_13)
FN:76,(anonymous_14)
FN:81,(anonymous_15)
FN:82,(anonymous_16)
FN:87,(anonymous_17)
FN:88,(anonymous_18)
FNF:19
FNH:16
FNDA:1320,(anonymous_0)
FNDA:15,(anonymous_1)
FNDA:18,(anonymous_2)
FNDA:2,(anonymous_3)
FNDA:6,(anonymous_4)
FNDA:10,(anonymous_5)
FNDA:6,(anonymous_6)
FNDA:8,(anonymous_7)
FNDA:6,(anonymous_8)
FNDA:0,(anonymous_9)
FNDA:2,(anonymous_10)
FNDA:0,(anonymous_11)
FNDA:0,(anonymous_12)
FNDA:3,(anonymous_13)
FNDA:12,(anonymous_14)
FNDA:6,(anonymous_15)
FNDA:6,(anonymous_16)
FNDA:6,(anonymous_17)
FNDA:6,(anonymous_18)
DA:7,7
DA:8,1320
DA:10,7
DA:11,15
DA:12,18
DA:13,18
DA:16,7
DA:17,2
DA:18,6
DA:19,6
DA:20,6
DA:22,6
DA:29,7
DA:30,10
DA:31,6
DA:32,6
DA:33,6
DA:34,6
DA:35,6
DA:36,6
DA:37,6
DA:38,6
DA:39,6
DA:41,6
DA:54,7
DA:55,8
DA:56,6
DA:57,6
DA:58,6
DA:59,6
DA:64,7
DA:65,2
DA:66,0
DA:67,0
DA:72,0
DA:75,7
DA:76,3
DA:77,12
DA:78,12
DA:81,7
DA:82,6
DA:83,6
DA:84,6
DA:87,7
DA:88,6
DA:89,6
DA:90,6
DA:91,6
LF:48
LH:45
BRDA:7,0,0,0
BRDA:11,1,0,0
BRDA:17,2,0,0
BRDA:30,3,0,0
BRDA:55,4,0,0
BRDA:65,5,0,0
BRDA:76,6,0,0
BRDA:82,7,0,0
BRDA:88,8,0,0
BRF:9
BRH:0
end_of_record
TN:
SF:app/components/pages/CustomFieldsSettings/styles.js
FNF:0
FNH:0
LF:0
LH:0
BRF:0
BRH:0
end_of_record
TN:
SF:app/components/pages/CustomFieldsSettings/utils.js
FN:6,(anonymous_0)
FN:10,(anonymous_1)
FN:18,(anonymous_2)
FN:23,(anonymous_3)
FN:28,(anonymous_4)
FN:41,(anonymous_5)
FN:57,(anonymous_6)
FN:74,(anonymous_7)
FNF:8
FNH:8
FNDA:6,(anonymous_0)
FNDA:10,(anonymous_1)
FNDA:2,(anonymous_2)
FNDA:50,(anonymous_3)
FNDA:50,(anonymous_4)
FNDA:50,(anonymous_5)
FNDA:17,(anonymous_6)
FNDA:2,(anonymous_7)
DA:6,9
DA:7,6
DA:9,5
DA:11,10
DA:12,10
DA:13,10
DA:16,10
DA:19,2
DA:23,9
DA:24,50
DA:25,50
DA:28,9
DA:29,50
DA:30,50
DA:32,50
DA:41,9
DA:47,50
DA:48,50
DA:50,50
DA:51,6
DA:54,44
DA:57,9
DA:65,17
DA:74,2
LF:24
LH:24
BRDA:6,0,0,0
BRDA:6,1,0,2
BRDA:7,2,0,1
BRDA:7,2,1,5
BRDA:12,3,0,4
BRDA:12,3,1,6
BRDA:13,4,0,2
BRDA:13,4,1,8
BRDA:16,5,0,10
BRDA:16,5,1,8
BRDA:19,6,0,1
BRDA:19,6,1,1
BRDA:25,7,0,50
BRDA:25,7,1,49
BRDA:25,7,2,49
BRDA:33,8,0,50
BRDA:33,8,1,15
BRDA:33,8,2,15
BRDA:33,8,3,15
BRDA:33,8,4,1
BRDA:33,8,5,14
BRDA:33,8,6,0
BRDA:50,9,0,6
BRDA:50,9,1,44
BRDA:51,10,0,6
BRDA:51,10,1,6
BRDA:51,10,2,5
BRDA:51,10,3,5
BRDA:54,11,0,44
BRDA:54,11,1,8
BRDA:54,11,2,7
BRDA:64,12,0,16
BRDA:73,13,0,17
BRDA:73,13,1,1
BRF:34
BRH:32
end_of_record
TN:
SF:app/components/pages/GroupsAndRankingSettings/CreateEditGroupAndRank.js
FN:32,(anonymous_0)
FN:50,(anonymous_1)
FN:60,(anonymous_2)
FN:67,(anonymous_3)
FN:71,(anonymous_4)
FN:75,(anonymous_5)
FN:142,mapDispatchToProps
FNF:7
FNH:0
FNDA:0,(anonymous_0)
FNDA:0,(anonymous_1)
FNDA:0,(anonymous_2)
FNDA:0,(anonymous_3)
FNDA:0,(anonymous_4)
FNDA:0,(anonymous_5)
FNDA:0,mapDispatchToProps
DA:32,1
DA:48,0
DA:50,0
DA:51,0
DA:52,0
DA:53,0
DA:60,0
DA:61,0
DA:62,0
DA:63,0
DA:67,0
DA:68,0
DA:71,0
DA:72,0
DA:75,0
DA:76,0
DA:77,0
DA:81,0
DA:119,1
DA:128,1
DA:136,1
DA:143,0
DA:159,1
LF:23
LH:5
BRDA:52,0,0,0
BRDA:52,0,1,0
BRDA:62,1,0,0
BRDA:62,1,1,0
BRDA:68,2,0,0
BRDA:68,2,1,0
BRDA:76,3,0,0
BRDA:76,3,1,0
BRDA:99,4,0,0
BRDA:99,4,1,0
BRF:10
BRH:0
end_of_record
TN:
SF:app/components/pages/GroupsAndRankingSettings/DeleteGroupAndRanking.js
FN:23,(anonymous_0)
FN:33,(anonymous_1)
FN:37,(anonymous_2)
FN:77,mapDispatchToProps
FNF:4
FNH:2
FNDA:8,(anonymous_0)
FNDA:0,(anonymous_1)
FNDA:0,(anonymous_2)
FNDA:4,mapDispatchToProps
DA:23,1
DA:33,8
DA:34,0
DA:37,8
DA:38,0
DA:41,8
DA:58,1
DA:65,1
DA:71,1
DA:78,4
DA:89,1
LF:11
LH:9
BRDA:43,0,0,8
BRDA:43,0,1,0
BRF:2
BRH:1
end_of_record
TN:
SF:app/components/pages/GroupsAndRankingSettings/GroupAndRankListingFilters.js
FN:17,(anonymous_0)
FN:28,(anonymous_1)
FN:33,(anonymous_2)
FN:37,(anonymous_3)
FN:43,(anonymous_4)
FN:77,mapDispatchToProps
FNF:6
FNH:4
FNDA:8,(anonymous_0)
FNDA:4,(anonymous_1)
FNDA:0,(anonymous_2)
FNDA:4,(anonymous_3)
FNDA:0,(anonymous_4)
FNDA:4,mapDispatchToProps
DA:17,1
DA:22,8
DA:23,8
DA:28,8
DA:29,4
DA:32,8
DA:33,0
DA:37,8
DA:38,4
DA:39,4
DA:40,4
DA:43,8
DA:44,0
DA:45,0
DA:46,0
DA:49,8
DA:62,1
DA:68,1
DA:73,1
DA:78,4
DA:88,1
LF:21
LH:17
BRF:0
BRH:0
end_of_record
TN:
SF:app/components/pages/GroupsAndRankingSettings/GroupsAndRankListingTable.js
FN:23,(anonymous_0)
FN:34,(anonymous_1)
FN:39,(anonymous_2)
FN:43,(anonymous_3)
FN:47,(anonymous_4)
FN:51,(anonymous_5)
FN:70,(anonymous_6)
FN:71,(anonymous_7)
FN:73,(anonymous_8)
FN:76,(anonymous_9)
FN:110,mapDispatchToProps
FNF:11
FNH:2
FNDA:8,(anonymous_0)
FNDA:0,(anonymous_1)
FNDA:0,(anonymous_2)
FNDA:0,(anonymous_3)
FNDA:0,(anonymous_4)
FNDA:0,(anonymous_5)
FNDA:0,(anonymous_6)
FNDA:0,(anonymous_7)
FNDA:0,(anonymous_8)
FNDA:0,(anonymous_9)
FNDA:4,mapDispatchToProps
DA:23,1
DA:32,8
DA:33,8
DA:34,8
DA:35,0
DA:37,8
DA:39,8
DA:40,0
DA:43,8
DA:44,0
DA:47,8
DA:48,0
DA:51,8
DA:52,0
DA:55,8
DA:70,0
DA:71,0
DA:73,0
DA:82,1
DA:91,1
DA:102,1
DA:111,4
DA:123,1
LF:23
LH:15
BRDA:35,0,0,0
BRDA:35,0,1,0
BRF:2
BRH:0
end_of_record
TN:
SF:app/components/pages/GroupsAndRankingSettings/GroupsAndRankSettingsComponentLazyLoader.js
FN:3,(anonymous_0)
FNF:1
FNH:1
FNDA:1,(anonymous_0)
DA:3,1
LF:1
LH:1
BRF:0
BRH:0
end_of_record
TN:
SF:app/components/pages/GroupsAndRankingSettings/GroupsAndRankingListing.js
FN:39,(anonymous_0)
FN:46,(anonymous_1)
FN:50,(anonymous_2)
FN:108,mapDispatchToProps
FNF:4
FNH:3
FNDA:4,(anonymous_0)
FNDA:4,(anonymous_1)
FNDA:0,(anonymous_2)
FNDA:4,mapDispatchToProps
DA:39,1
DA:46,4
DA:47,4
DA:50,4
DA:51,0
DA:54,4
DA:91,1
DA:98,1
DA:104,1
DA:109,4
DA:121,1
DA:122,1
DA:124,1
LF:13
LH:12
BRDA:71,0,0,0
BRDA:71,0,1,4
BRF:2
BRH:1
end_of_record
TN:
SF:app/components/pages/GroupsAndRankingSettings/action.js
FN:3,(anonymous_0)
FN:7,(anonymous_1)
FN:11,(anonymous_2)
FN:15,(anonymous_3)
FN:19,(anonymous_4)
FN:23,(anonymous_5)
FN:28,(anonymous_6)
FN:33,(anonymous_7)
FN:38,(anonymous_8)
FN:43,(anonymous_9)
FN:48,(anonymous_10)
FN:53,(anonymous_11)
FNF:12
FNH:2
FNDA:4,(anonymous_0)
FNDA:0,(anonymous_1)
FNDA:0,(anonymous_2)
FNDA:0,(anonymous_3)
FNDA:4,(anonymous_4)
FNDA:0,(anonymous_5)
FNDA:0,(anonymous_6)
FNDA:0,(anonymous_7)
FNDA:0,(anonymous_8)
FNDA:0,(anonymous_9)
FNDA:0,(anonymous_10)
FNDA:0,(anonymous_11)
DA:3,4
DA:7,1
DA:11,1
DA:15,1
DA:19,4
DA:23,1
DA:28,1
DA:33,1
DA:38,1
DA:43,1
DA:48,1
DA:53,1
LF:12
LH:12
BRF:0
BRH:0
end_of_record
TN:
SF:app/components/pages/GroupsAndRankingSettings/constant.js
FNF:0
FNH:0
DA:1,1
DA:2,1
DA:3,1
DA:5,1
DA:7,1
DA:14,1
DA:19,1
DA:21,1
DA:22,1
DA:24,1
DA:26,1
DA:27,1
DA:28,1
DA:30,1
DA:31,1
DA:32,1
DA:34,1
DA:35,1
DA:36,1
DA:38,1
DA:39,1
DA:41,1
DA:42,1
DA:44,1
DA:46,1
LF:25
LH:25
BRF:0
BRH:0
end_of_record
TN:
SF:app/components/pages/GroupsAndRankingSettings/helpers.js
FN:15,(anonymous_0)
FN:48,(anonymous_1)
FN:58,(anonymous_2)
FN:59,(anonymous_3)
FN:63,(anonymous_4)
FNF:5
FNH:2
FNDA:8,(anonymous_0)
FNDA:8,(anonymous_1)
FNDA:0,(anonymous_2)
FNDA:0,(anonymous_3)
FNDA:0,(anonymous_4)
DA:15,1
DA:20,8
DA:48,1
DA:57,8
DA:58,0
DA:59,0
DA:63,8
DA:64,0
LF:8
LH:5
BRDA:50,0,0,0
BRDA:69,1,0,0
BRDA:69,1,1,0
BRDA:87,2,0,0
BRDA:87,2,1,0
BRDA:87,3,0,0
BRDA:87,3,1,0
BRF:7
BRH:0
end_of_record
TN:
SF:app/components/pages/GroupsAndRankingSettings/reducer.js
FN:31,(anonymous_0)
FN:66,(anonymous_1)
FNF:2
FNH:1
FNDA:52,(anonymous_0)
FNDA:0,(anonymous_1)
DA:7,1
DA:31,1
DA:32,52
DA:34,0
DA:36,4
DA:38,0
DA:44,4
DA:46,0
DA:47,0
DA:53,0
DA:55,0
DA:57,0
DA:58,0
DA:59,0
DA:65,0
DA:66,0
DA:69,0
DA:70,0
DA:76,0
DA:79,0
DA:81,0
DA:83,0
DA:85,0
DA:87,0
DA:89,0
DA:91,0
DA:93,0
DA:95,0
DA:109,4
DA:111,40
LF:30
LH:7
BRDA:31,0,0,4
BRDA:31,1,0,0
BRDA:32,2,0,0
BRDA:32,2,1,4
BRDA:32,2,2,0
BRDA:32,2,3,4
BRDA:32,2,4,0
BRDA:32,2,5,0
BRDA:32,2,6,0
BRDA:32,2,7,0
BRDA:32,2,8,0
BRDA:32,2,9,0
BRDA:32,2,10,0
BRDA:32,2,11,0
BRDA:32,2,12,0
BRDA:32,2,13,0
BRDA:32,2,14,0
BRDA:32,2,15,0
BRDA:32,2,16,0
BRDA:32,2,17,4
BRDA:32,2,18,40
BRDA:59,3,0,0
BRDA:59,3,1,0
BRDA:69,4,0,0
BRDA:69,4,1,0
BRF:25
BRH:5
end_of_record
TN:
SF:app/components/pages/GroupsAndRankingSettings/saga.js
FN:10,getAllGroupsAndRanking
FN:32,createGroupAndRanking
FN:72,updateGroupAndRanking
FN:117,watchForGetAllGroupsAndRanking
FN:121,watchForCreateGroupAndRanking
FN:125,watchForUpdateGroupAndRanking
FN:129,(anonymous_6)
FNF:7
FNH:5
FNDA:4,getAllGroupsAndRanking
FNDA:0,createGroupAndRanking
FNDA:0,updateGroupAndRanking
FNDA:4,watchForGetAllGroupsAndRanking
FNDA:4,watchForCreateGroupAndRanking
FNDA:4,watchForUpdateGroupAndRanking
FNDA:4,(anonymous_6)
DA:11,4
DA:12,4
DA:13,4
DA:14,0
DA:15,0
DA:20,4
DA:25,0
DA:33,0
DA:34,0
DA:36,0
DA:37,0
DA:41,0
DA:42,0
DA:47,0
DA:51,0
DA:52,0
DA:60,0
DA:65,0
DA:73,0
DA:74,0
DA:75,0
DA:77,0
DA:78,0
DA:83,0
DA:84,0
DA:89,0
DA:96,0
DA:97,0
DA:105,0
DA:110,0
DA:118,4
DA:122,4
DA:126,4
DA:130,4
LF:34
LH:8
BRDA:13,0,0,0
BRDA:13,0,1,4
BRDA:41,1,0,0
BRDA:41,1,1,0
BRDA:51,2,0,0
BRDA:51,2,1,0
BRDA:83,3,0,0
BRDA:83,3,1,0
BRDA:91,4,0,0
BRDA:91,4,1,0
BRDA:96,5,0,0
BRDA:96,5,1,0
BRF:12
BRH:1
end_of_record
TN:
SF:app/components/pages/GroupsAndRankingSettings/selector.js
FN:7,(anonymous_0)
FN:10,(anonymous_1)
FN:11,(anonymous_2)
FN:16,(anonymous_3)
FN:17,(anonymous_4)
FN:29,(anonymous_5)
FN:30,(anonymous_6)
FN:36,(anonymous_7)
FN:37,(anonymous_8)
FN:49,(anonymous_9)
FN:50,(anonymous_10)
FN:55,(anonymous_11)
FN:56,(anonymous_12)
FNF:13
FNH:13
FNDA:270,(anonymous_0)
FNDA:4,(anonymous_1)
FNDA:45,(anonymous_2)
FNDA:1,(anonymous_3)
FNDA:15,(anonymous_4)
FNDA:1,(anonymous_5)
FNDA:15,(anonymous_6)
FNDA:2,(anonymous_7)
FNDA:15,(anonymous_8)
FNDA:2,(anonymous_9)
FNDA:30,(anonymous_10)
FNDA:2,(anonymous_11)
FNDA:15,(anonymous_12)
DA:7,1
DA:8,270
DA:10,1
DA:11,4
DA:12,45
DA:13,45
DA:16,1
DA:17,1
DA:18,15
DA:19,15
DA:20,15
DA:22,15
DA:29,1
DA:30,1
DA:31,15
DA:32,15
DA:36,1
DA:37,2
DA:38,15
DA:39,15
DA:40,15
DA:42,15
DA:49,1
DA:50,2
DA:51,30
DA:52,30
DA:55,1
DA:56,2
DA:57,15
DA:58,15
DA:59,15
LF:31
LH:31
BRDA:7,0,0,0
BRDA:11,1,0,0
BRDA:17,2,0,0
BRDA:30,3,0,0
BRDA:37,4,0,0
BRDA:50,5,0,0
BRDA:56,6,0,0
BRF:7
BRH:0
end_of_record
TN:
SF:app/components/pages/GroupsAndRankingSettings/styles.js
FNF:0
FNH:0
LF:0
LH:0
BRF:0
BRH:0
end_of_record
TN:
SF:app/components/pages/GroupsAndRankingSettings/utils.js
FN:4,(anonymous_0)
FN:8,(anonymous_1)
FN:15,(anonymous_2)
FN:20,(anonymous_3)
FN:28,(anonymous_4)
FNF:5
FNH:0
FNDA:0,(anonymous_0)
FNDA:0,(anonymous_1)
FNDA:0,(anonymous_2)
FNDA:0,(anonymous_3)
FNDA:0,(anonymous_4)
DA:4,1
DA:5,0
DA:7,0
DA:9,0
DA:10,0
DA:13,0
DA:16,0
DA:20,1
DA:25,0
DA:28,1
DA:32,0
LF:11
LH:3
BRDA:4,0,0,0
BRDA:4,1,0,0
BRDA:5,2,0,0
BRDA:5,2,1,0
BRDA:10,3,0,0
BRDA:10,3,1,0
BRDA:16,4,0,0
BRDA:16,4,1,0
BRDA:25,5,0,0
BRDA:25,5,1,0
BRDA:25,5,2,0
BRDA:35,6,0,0
BRDA:35,6,1,0
BRF:13
BRH:0
end_of_record
TN:
SF:app/components/pages/ListRewards/ListRewards.js
FN:9,(anonymous_0)
FNF:1
FNH:1
FNDA:4,(anonymous_0)
DA:9,3
DA:10,4
DA:19,3
DA:23,3
LF:4
LH:4
BRF:0
BRH:0
end_of_record
TN:
SF:app/components/pages/ListRewards/styles.js
FNF:0
FNH:0
LF:0
LH:0
BRF:0
BRH:0
end_of_record
TN:
SF:app/components/pages/Login/Login.js
FN:17,(anonymous_0)
FN:20,(anonymous_1)
FN:24,(anonymous_2)
FN:31,(anonymous_3)
FN:66,(anonymous_4)
FNF:5
FNH:0
FNDA:0,(anonymous_0)
FNDA:0,(anonymous_1)
FNDA:0,(anonymous_2)
FNDA:0,(anonymous_3)
FNDA:0,(anonymous_4)
DA:17,0
DA:18,0
DA:19,0
DA:20,0
DA:21,0
DA:22,0
DA:24,0
DA:25,0
DA:28,0
DA:32,0
DA:55,0
DA:61,0
DA:66,0
DA:70,0
LF:14
LH:0
BRDA:18,0,0,0
BRF:1
BRH:0
end_of_record
TN:
SF:app/components/pages/Login/reducer.js
FN:9,(anonymous_0)
FNF:1
FNH:1
FNDA:62,(anonymous_0)
DA:7,2
DA:9,2
DA:10,62
DA:12,0
DA:19,0
DA:27,0
DA:29,0
DA:31,0
DA:33,62
LF:9
LH:4
BRDA:9,0,0,6
BRDA:10,1,0,0
BRDA:10,1,1,0
BRDA:10,1,2,0
BRDA:10,1,3,0
BRDA:10,1,4,0
BRDA:10,1,5,62
BRF:7
BRH:2
end_of_record
TN:
SF:app/components/pages/Login/saga.js
FN:9,logoutFlow
FN:21,loginSuccess
FN:25,logoutSuccess
FN:29,watchForLogoutFlow
FN:33,watchForLoginSuccess
FN:37,watchForLogoutSuccess
FNF:6
FNH:0
FNDA:0,logoutFlow
FNDA:0,loginSuccess
FNDA:0,logoutSuccess
FNDA:0,watchForLogoutFlow
FNDA:0,watchForLoginSuccess
FNDA:0,watchForLogoutSuccess
DA:10,0
DA:11,0
DA:12,0
DA:13,0
DA:14,0
DA:17,0
DA:22,0
DA:26,0
DA:30,0
DA:34,0
DA:38,0
LF:11
LH:0
BRDA:12,0,0,0
BRDA:12,0,1,0
BRDA:12,1,0,0
BRDA:12,1,1,0
BRF:4
BRH:0
end_of_record
TN:
SF:app/components/pages/RewardsCatalogSettings/RewardsCatalogSettings.js
FN:17,(anonymous_0)
FN:18,(anonymous_1)
FN:21,(anonymous_2)
FN:27,(anonymous_3)
FN:28,(anonymous_4)
FN:32,(anonymous_5)
FN:56,mapDispatchToProps
FNF:7
FNH:7
FNDA:5,(anonymous_0)
FNDA:5,(anonymous_1)
FNDA:5,(anonymous_2)
FNDA:5,(anonymous_3)
FNDA:25,(anonymous_4)
FNDA:25,(anonymous_5)
FNDA:1,mapDispatchToProps
DA:17,2
DA:18,5
DA:19,5
DA:20,5
DA:21,5
DA:22,5
DA:26,5
DA:28,5
DA:29,25
DA:32,25
DA:39,5
DA:46,2
DA:52,2
DA:57,1
DA:62,2
LF:15
LH:15
BRDA:20,0,0,1
BRDA:20,0,1,4
BRF:2
BRH:2
end_of_record
TN:
SF:app/components/pages/RewardsCatalogSettings/helpers.js
FN:6,(anonymous_0)
FNF:1
FNH:1
FNDA:159,(anonymous_0)
DA:6,159
LF:1
LH:1
BRDA:6,0,0,0
BRDA:6,1,0,0
BRDA:6,2,0,0
BRDA:6,3,0,97
BRF:4
BRH:1
end_of_record
TN:
SF:app/components/templates/PageTemplate/pageTemplate.js
FN:18,(anonymous_0)
FNF:1
FNH:1
FNDA:4,(anonymous_0)
DA:5,3
DA:13,3
DA:18,3
DA:19,4
DA:24,3
LF:5
LH:5
BRF:0
BRH:0
end_of_record
